<?xml version="1.0" encoding="UTF-8"?>
<robot generator="Robot 6.0.2 (Python 3.10.6 on linux)" generated="20230113 13:47:13.553" rpa="false" schemaversion="3">
<suite id="s1" name="Test" source="/home/anya/Desktop/qa-potapchuk-kp01/lab3/tests/test.robot">
<test id="s1-t1" name="Create valid directory" line="14">
<kw name="Run CLI" type="SETUP">
<arg>directory</arg>
<arg>create</arg>
<arg>root</arg>
<arg>2</arg>
<arg>None</arg>
<kw name="Run Process" library="Process">
<var>${result}</var>
<arg>python3</arg>
<arg>${APP NAME}</arg>
<arg>@{varargs}</arg>
<doc>Runs a process and waits for it to complete.</doc>
<msg timestamp="20230113 13:47:13.576" level="INFO">Starting process:
python3 /home/anya/Desktop/qa-potapchuk-kp01/lab3/ui.py directory create root 2 None</msg>
<msg timestamp="20230113 13:47:13.577" level="INFO">Waiting for process to complete.</msg>
<msg timestamp="20230113 13:47:13.677" level="INFO">Process completed.</msg>
<msg timestamp="20230113 13:47:13.678" level="INFO">${result} = &lt;result object with rc 0&gt;</msg>
<status status="PASS" starttime="20230113 13:47:13.575" endtime="20230113 13:47:13.678"/>
</kw>
<status status="PASS" starttime="20230113 13:47:13.575" endtime="20230113 13:47:13.678"/>
</kw>
<kw name="Get root id">
<var>${root id}</var>
<kw name="Run CLI">
<var>${stdout}</var>
<arg>directory</arg>
<arg>get_root</arg>
<kw name="Run Process" library="Process">
<var>${result}</var>
<arg>python3</arg>
<arg>${APP NAME}</arg>
<arg>@{varargs}</arg>
<doc>Runs a process and waits for it to complete.</doc>
<msg timestamp="20230113 13:47:13.679" level="INFO">Starting process:
python3 /home/anya/Desktop/qa-potapchuk-kp01/lab3/ui.py directory get_root</msg>
<msg timestamp="20230113 13:47:13.681" level="INFO">Waiting for process to complete.</msg>
<msg timestamp="20230113 13:47:13.779" level="INFO">Process completed.</msg>
<msg timestamp="20230113 13:47:13.779" level="INFO">${result} = &lt;result object with rc 0&gt;</msg>
<status status="PASS" starttime="20230113 13:47:13.679" endtime="20230113 13:47:13.780"/>
</kw>
<msg timestamp="20230113 13:47:13.780" level="INFO">${stdout} = 200;{"root_id":"7c07c710-07f7-49c4-995f-26bf13dbdb08"}
</msg>
<status status="PASS" starttime="20230113 13:47:13.679" endtime="20230113 13:47:13.780"/>
</kw>
<kw name="Parse response body">
<var>${body}</var>
<arg>${stdout}</arg>
<kw name="Split String" library="String">
<var>${split response}</var>
<arg>${stdout}</arg>
<arg>;</arg>
<doc>Splits the ``string`` using ``separator`` as a delimiter string.</doc>
<msg timestamp="20230113 13:47:13.781" level="INFO">${split response} = ['200', '{"root_id":"7c07c710-07f7-49c4-995f-26bf13dbdb08"}\n']</msg>
<status status="PASS" starttime="20230113 13:47:13.781" endtime="20230113 13:47:13.781"/>
</kw>
<kw name="Evaluate" library="BuiltIn">
<var>${json}</var>
<arg>json.loads('''${split response}[1]''')</arg>
<arg>json</arg>
<doc>Evaluates the given expression in Python and returns the result.</doc>
<msg timestamp="20230113 13:47:13.783" level="INFO">${json} = {'root_id': '7c07c710-07f7-49c4-995f-26bf13dbdb08'}</msg>
<status status="PASS" starttime="20230113 13:47:13.781" endtime="20230113 13:47:13.783"/>
</kw>
<msg timestamp="20230113 13:47:13.784" level="INFO">${body} = {'root_id': '7c07c710-07f7-49c4-995f-26bf13dbdb08'}</msg>
<status status="PASS" starttime="20230113 13:47:13.780" endtime="20230113 13:47:13.784"/>
</kw>
<msg timestamp="20230113 13:47:13.784" level="INFO">${root id} = 7c07c710-07f7-49c4-995f-26bf13dbdb08</msg>
<status status="PASS" starttime="20230113 13:47:13.679" endtime="20230113 13:47:13.784"/>
</kw>
<kw name="Run CLI">
<var>${stdout}</var>
<arg>directory</arg>
<arg>create</arg>
<arg>dir</arg>
<arg>10</arg>
<arg>${root id}</arg>
<kw name="Run Process" library="Process">
<var>${result}</var>
<arg>python3</arg>
<arg>${APP NAME}</arg>
<arg>@{varargs}</arg>
<doc>Runs a process and waits for it to complete.</doc>
<msg timestamp="20230113 13:47:13.785" level="INFO">Starting process:
python3 /home/anya/Desktop/qa-potapchuk-kp01/lab3/ui.py directory create dir 10 7c07c710-07f7-49c4-995f-26bf13dbdb08</msg>
<msg timestamp="20230113 13:47:13.786" level="INFO">Waiting for process to complete.</msg>
<msg timestamp="20230113 13:47:13.887" level="INFO">Process completed.</msg>
<msg timestamp="20230113 13:47:13.887" level="INFO">${result} = &lt;result object with rc 0&gt;</msg>
<status status="PASS" starttime="20230113 13:47:13.785" endtime="20230113 13:47:13.887"/>
</kw>
<msg timestamp="20230113 13:47:13.887" level="INFO">${stdout} = 200;{"dir_id":"7c3767d5-b3df-45cb-bcbe-779607078297"}
</msg>
<status status="PASS" starttime="20230113 13:47:13.784" endtime="20230113 13:47:13.887"/>
</kw>
<kw name="Log To Console" library="BuiltIn">
<arg>${stdout}</arg>
<doc>Logs the given message to the console.</doc>
<status status="PASS" starttime="20230113 13:47:13.888" endtime="20230113 13:47:13.888"/>
</kw>
<kw name="Parse status code">
<var>${status code}</var>
<arg>${stdout}</arg>
<kw name="Split String" library="String">
<var>${split response}</var>
<arg>${stdout}</arg>
<arg>;</arg>
<doc>Splits the ``string`` using ``separator`` as a delimiter string.</doc>
<msg timestamp="20230113 13:47:13.889" level="INFO">${split response} = ['200', '{"dir_id":"7c3767d5-b3df-45cb-bcbe-779607078297"}\n']</msg>
<status status="PASS" starttime="20230113 13:47:13.888" endtime="20230113 13:47:13.889"/>
</kw>
<msg timestamp="20230113 13:47:13.889" level="INFO">${status code} = 200</msg>
<status status="PASS" starttime="20230113 13:47:13.888" endtime="20230113 13:47:13.889"/>
</kw>
<kw name="Parse response body">
<var>${body}</var>
<arg>${stdout}</arg>
<kw name="Split String" library="String">
<var>${split response}</var>
<arg>${stdout}</arg>
<arg>;</arg>
<doc>Splits the ``string`` using ``separator`` as a delimiter string.</doc>
<msg timestamp="20230113 13:47:13.889" level="INFO">${split response} = ['200', '{"dir_id":"7c3767d5-b3df-45cb-bcbe-779607078297"}\n']</msg>
<status status="PASS" starttime="20230113 13:47:13.889" endtime="20230113 13:47:13.889"/>
</kw>
<kw name="Evaluate" library="BuiltIn">
<var>${json}</var>
<arg>json.loads('''${split response}[1]''')</arg>
<arg>json</arg>
<doc>Evaluates the given expression in Python and returns the result.</doc>
<msg timestamp="20230113 13:47:13.890" level="INFO">${json} = {'dir_id': '7c3767d5-b3df-45cb-bcbe-779607078297'}</msg>
<status status="PASS" starttime="20230113 13:47:13.889" endtime="20230113 13:47:13.890"/>
</kw>
<msg timestamp="20230113 13:47:13.890" level="INFO">${body} = {'dir_id': '7c3767d5-b3df-45cb-bcbe-779607078297'}</msg>
<status status="PASS" starttime="20230113 13:47:13.889" endtime="20230113 13:47:13.890"/>
</kw>
<kw name="Should Not Be Empty" library="BuiltIn">
<arg>${body["dir_id"]}</arg>
<doc>Verifies that the given item is not empty.</doc>
<msg timestamp="20230113 13:47:13.891" level="INFO">Length is 36</msg>
<status status="PASS" starttime="20230113 13:47:13.890" endtime="20230113 13:47:13.891"/>
</kw>
<kw name="Should Be Equal" library="BuiltIn">
<arg>${status code}</arg>
<arg>200</arg>
<doc>Fails if the given objects are unequal.</doc>
<status status="PASS" starttime="20230113 13:47:13.891" endtime="20230113 13:47:13.891"/>
</kw>
<kw name="Run CLI" type="TEARDOWN">
<arg>directory</arg>
<arg>delete</arg>
<arg>root</arg>
<kw name="Run Process" library="Process">
<var>${result}</var>
<arg>python3</arg>
<arg>${APP NAME}</arg>
<arg>@{varargs}</arg>
<doc>Runs a process and waits for it to complete.</doc>
<msg timestamp="20230113 13:47:13.892" level="INFO">Starting process:
python3 /home/anya/Desktop/qa-potapchuk-kp01/lab3/ui.py directory delete root</msg>
<msg timestamp="20230113 13:47:13.893" level="INFO">Waiting for process to complete.</msg>
<msg timestamp="20230113 13:47:13.998" level="INFO">Process completed.</msg>
<msg timestamp="20230113 13:47:13.998" level="INFO">${result} = &lt;result object with rc 0&gt;</msg>
<status status="PASS" starttime="20230113 13:47:13.891" endtime="20230113 13:47:13.998"/>
</kw>
<status status="PASS" starttime="20230113 13:47:13.891" endtime="20230113 13:47:13.999"/>
</kw>
<status status="PASS" starttime="20230113 13:47:13.575" endtime="20230113 13:47:13.999"/>
</test>
<test id="s1-t2" name="Create two root folder" line="23">
<kw name="Run CLI" type="SETUP">
<arg>directory</arg>
<arg>create</arg>
<arg>root</arg>
<arg>2</arg>
<arg>None</arg>
<kw name="Run Process" library="Process">
<var>${result}</var>
<arg>python3</arg>
<arg>${APP NAME}</arg>
<arg>@{varargs}</arg>
<doc>Runs a process and waits for it to complete.</doc>
<msg timestamp="20230113 13:47:14.000" level="INFO">Starting process:
python3 /home/anya/Desktop/qa-potapchuk-kp01/lab3/ui.py directory create root 2 None</msg>
<msg timestamp="20230113 13:47:14.002" level="INFO">Waiting for process to complete.</msg>
<msg timestamp="20230113 13:47:14.105" level="INFO">Process completed.</msg>
<msg timestamp="20230113 13:47:14.106" level="INFO">${result} = &lt;result object with rc 0&gt;</msg>
<status status="PASS" starttime="20230113 13:47:14.000" endtime="20230113 13:47:14.106"/>
</kw>
<status status="PASS" starttime="20230113 13:47:13.999" endtime="20230113 13:47:14.106"/>
</kw>
<kw name="Run CLI">
<var>${stdout}</var>
<arg>directory</arg>
<arg>create</arg>
<arg>dir</arg>
<arg>10</arg>
<arg>None</arg>
<kw name="Run Process" library="Process">
<var>${result}</var>
<arg>python3</arg>
<arg>${APP NAME}</arg>
<arg>@{varargs}</arg>
<doc>Runs a process and waits for it to complete.</doc>
<msg timestamp="20230113 13:47:14.107" level="INFO">Starting process:
python3 /home/anya/Desktop/qa-potapchuk-kp01/lab3/ui.py directory create dir 10 None</msg>
<msg timestamp="20230113 13:47:14.109" level="INFO">Waiting for process to complete.</msg>
<msg timestamp="20230113 13:47:14.208" level="INFO">Process completed.</msg>
<msg timestamp="20230113 13:47:14.208" level="INFO">${result} = &lt;result object with rc 0&gt;</msg>
<status status="PASS" starttime="20230113 13:47:14.107" endtime="20230113 13:47:14.208"/>
</kw>
<msg timestamp="20230113 13:47:14.209" level="INFO">${stdout} = 400;{"exception":"Root folder already exist"}
</msg>
<status status="PASS" starttime="20230113 13:47:14.107" endtime="20230113 13:47:14.209"/>
</kw>
<kw name="Log To Console" library="BuiltIn">
<arg>${stdout}</arg>
<doc>Logs the given message to the console.</doc>
<status status="PASS" starttime="20230113 13:47:14.209" endtime="20230113 13:47:14.209"/>
</kw>
<kw name="Parse status code">
<var>${status code}</var>
<arg>${stdout}</arg>
<kw name="Split String" library="String">
<var>${split response}</var>
<arg>${stdout}</arg>
<arg>;</arg>
<doc>Splits the ``string`` using ``separator`` as a delimiter string.</doc>
<msg timestamp="20230113 13:47:14.210" level="INFO">${split response} = ['400', '{"exception":"Root folder already exist"}\n']</msg>
<status status="PASS" starttime="20230113 13:47:14.210" endtime="20230113 13:47:14.210"/>
</kw>
<msg timestamp="20230113 13:47:14.210" level="INFO">${status code} = 400</msg>
<status status="PASS" starttime="20230113 13:47:14.209" endtime="20230113 13:47:14.210"/>
</kw>
<kw name="Parse response body">
<var>${body}</var>
<arg>${stdout}</arg>
<kw name="Split String" library="String">
<var>${split response}</var>
<arg>${stdout}</arg>
<arg>;</arg>
<doc>Splits the ``string`` using ``separator`` as a delimiter string.</doc>
<msg timestamp="20230113 13:47:14.211" level="INFO">${split response} = ['400', '{"exception":"Root folder already exist"}\n']</msg>
<status status="PASS" starttime="20230113 13:47:14.210" endtime="20230113 13:47:14.211"/>
</kw>
<kw name="Evaluate" library="BuiltIn">
<var>${json}</var>
<arg>json.loads('''${split response}[1]''')</arg>
<arg>json</arg>
<doc>Evaluates the given expression in Python and returns the result.</doc>
<msg timestamp="20230113 13:47:14.211" level="INFO">${json} = {'exception': 'Root folder already exist'}</msg>
<status status="PASS" starttime="20230113 13:47:14.211" endtime="20230113 13:47:14.211"/>
</kw>
<msg timestamp="20230113 13:47:14.211" level="INFO">${body} = {'exception': 'Root folder already exist'}</msg>
<status status="PASS" starttime="20230113 13:47:14.210" endtime="20230113 13:47:14.211"/>
</kw>
<kw name="Should Not Be Empty" library="BuiltIn">
<arg>${body["exception"]}</arg>
<doc>Verifies that the given item is not empty.</doc>
<msg timestamp="20230113 13:47:14.212" level="INFO">Length is 25</msg>
<status status="PASS" starttime="20230113 13:47:14.211" endtime="20230113 13:47:14.212"/>
</kw>
<kw name="Should Be Equal" library="BuiltIn">
<arg>${status code}</arg>
<arg>400</arg>
<doc>Fails if the given objects are unequal.</doc>
<status status="PASS" starttime="20230113 13:47:14.212" endtime="20230113 13:47:14.212"/>
</kw>
<kw name="Run CLI" type="TEARDOWN">
<arg>directory</arg>
<arg>delete</arg>
<arg>root</arg>
<kw name="Run Process" library="Process">
<var>${result}</var>
<arg>python3</arg>
<arg>${APP NAME}</arg>
<arg>@{varargs}</arg>
<doc>Runs a process and waits for it to complete.</doc>
<msg timestamp="20230113 13:47:14.213" level="INFO">Starting process:
python3 /home/anya/Desktop/qa-potapchuk-kp01/lab3/ui.py directory delete root</msg>
<msg timestamp="20230113 13:47:14.215" level="INFO">Waiting for process to complete.</msg>
<msg timestamp="20230113 13:47:14.318" level="INFO">Process completed.</msg>
<msg timestamp="20230113 13:47:14.318" level="INFO">${result} = &lt;result object with rc 0&gt;</msg>
<status status="PASS" starttime="20230113 13:47:14.213" endtime="20230113 13:47:14.318"/>
</kw>
<status status="PASS" starttime="20230113 13:47:14.212" endtime="20230113 13:47:14.319"/>
</kw>
<status status="PASS" starttime="20230113 13:47:13.999" endtime="20230113 13:47:14.319"/>
</test>
<test id="s1-t3" name="Create invalid directory that already exist" line="31">
<kw name="Run CLI" type="SETUP">
<arg>directory</arg>
<arg>create</arg>
<arg>root</arg>
<arg>2</arg>
<arg>None</arg>
<kw name="Run Process" library="Process">
<var>${result}</var>
<arg>python3</arg>
<arg>${APP NAME}</arg>
<arg>@{varargs}</arg>
<doc>Runs a process and waits for it to complete.</doc>
<msg timestamp="20230113 13:47:14.320" level="INFO">Starting process:
python3 /home/anya/Desktop/qa-potapchuk-kp01/lab3/ui.py directory create root 2 None</msg>
<msg timestamp="20230113 13:47:14.322" level="INFO">Waiting for process to complete.</msg>
<msg timestamp="20230113 13:47:14.426" level="INFO">Process completed.</msg>
<msg timestamp="20230113 13:47:14.426" level="INFO">${result} = &lt;result object with rc 0&gt;</msg>
<status status="PASS" starttime="20230113 13:47:14.320" endtime="20230113 13:47:14.426"/>
</kw>
<status status="PASS" starttime="20230113 13:47:14.320" endtime="20230113 13:47:14.427"/>
</kw>
<kw name="Get root id">
<var>${root id}</var>
<kw name="Run CLI">
<var>${stdout}</var>
<arg>directory</arg>
<arg>get_root</arg>
<kw name="Run Process" library="Process">
<var>${result}</var>
<arg>python3</arg>
<arg>${APP NAME}</arg>
<arg>@{varargs}</arg>
<doc>Runs a process and waits for it to complete.</doc>
<msg timestamp="20230113 13:47:14.428" level="INFO">Starting process:
python3 /home/anya/Desktop/qa-potapchuk-kp01/lab3/ui.py directory get_root</msg>
<msg timestamp="20230113 13:47:14.430" level="INFO">Waiting for process to complete.</msg>
<msg timestamp="20230113 13:47:14.534" level="INFO">Process completed.</msg>
<msg timestamp="20230113 13:47:14.534" level="INFO">${result} = &lt;result object with rc 0&gt;</msg>
<status status="PASS" starttime="20230113 13:47:14.428" endtime="20230113 13:47:14.534"/>
</kw>
<msg timestamp="20230113 13:47:14.535" level="INFO">${stdout} = 200;{"root_id":"093d99de-a3f3-4139-bb43-b7386a506659"}
</msg>
<status status="PASS" starttime="20230113 13:47:14.427" endtime="20230113 13:47:14.535"/>
</kw>
<kw name="Parse response body">
<var>${body}</var>
<arg>${stdout}</arg>
<kw name="Split String" library="String">
<var>${split response}</var>
<arg>${stdout}</arg>
<arg>;</arg>
<doc>Splits the ``string`` using ``separator`` as a delimiter string.</doc>
<msg timestamp="20230113 13:47:14.536" level="INFO">${split response} = ['200', '{"root_id":"093d99de-a3f3-4139-bb43-b7386a506659"}\n']</msg>
<status status="PASS" starttime="20230113 13:47:14.535" endtime="20230113 13:47:14.536"/>
</kw>
<kw name="Evaluate" library="BuiltIn">
<var>${json}</var>
<arg>json.loads('''${split response}[1]''')</arg>
<arg>json</arg>
<doc>Evaluates the given expression in Python and returns the result.</doc>
<msg timestamp="20230113 13:47:14.536" level="INFO">${json} = {'root_id': '093d99de-a3f3-4139-bb43-b7386a506659'}</msg>
<status status="PASS" starttime="20230113 13:47:14.536" endtime="20230113 13:47:14.536"/>
</kw>
<msg timestamp="20230113 13:47:14.536" level="INFO">${body} = {'root_id': '093d99de-a3f3-4139-bb43-b7386a506659'}</msg>
<status status="PASS" starttime="20230113 13:47:14.535" endtime="20230113 13:47:14.536"/>
</kw>
<msg timestamp="20230113 13:47:14.537" level="INFO">${root id} = 093d99de-a3f3-4139-bb43-b7386a506659</msg>
<status status="PASS" starttime="20230113 13:47:14.427" endtime="20230113 13:47:14.537"/>
</kw>
<kw name="Run CLI">
<arg>directory</arg>
<arg>create</arg>
<arg>dir</arg>
<arg>10</arg>
<arg>${root id}</arg>
<kw name="Run Process" library="Process">
<var>${result}</var>
<arg>python3</arg>
<arg>${APP NAME}</arg>
<arg>@{varargs}</arg>
<doc>Runs a process and waits for it to complete.</doc>
<msg timestamp="20230113 13:47:14.537" level="INFO">Starting process:
python3 /home/anya/Desktop/qa-potapchuk-kp01/lab3/ui.py directory create dir 10 093d99de-a3f3-4139-bb43-b7386a506659</msg>
<msg timestamp="20230113 13:47:14.539" level="INFO">Waiting for process to complete.</msg>
<msg timestamp="20230113 13:47:14.639" level="INFO">Process completed.</msg>
<msg timestamp="20230113 13:47:14.639" level="INFO">${result} = &lt;result object with rc 0&gt;</msg>
<status status="PASS" starttime="20230113 13:47:14.537" endtime="20230113 13:47:14.639"/>
</kw>
<status status="PASS" starttime="20230113 13:47:14.537" endtime="20230113 13:47:14.640"/>
</kw>
<kw name="Run CLI">
<var>${stdout}</var>
<arg>directory</arg>
<arg>create</arg>
<arg>dir</arg>
<arg>10</arg>
<arg>${root id}</arg>
<kw name="Run Process" library="Process">
<var>${result}</var>
<arg>python3</arg>
<arg>${APP NAME}</arg>
<arg>@{varargs}</arg>
<doc>Runs a process and waits for it to complete.</doc>
<msg timestamp="20230113 13:47:14.641" level="INFO">Starting process:
python3 /home/anya/Desktop/qa-potapchuk-kp01/lab3/ui.py directory create dir 10 093d99de-a3f3-4139-bb43-b7386a506659</msg>
<msg timestamp="20230113 13:47:14.642" level="INFO">Waiting for process to complete.</msg>
<msg timestamp="20230113 13:47:14.746" level="INFO">Process completed.</msg>
<msg timestamp="20230113 13:47:14.747" level="INFO">${result} = &lt;result object with rc 0&gt;</msg>
<status status="PASS" starttime="20230113 13:47:14.641" endtime="20230113 13:47:14.747"/>
</kw>
<msg timestamp="20230113 13:47:14.747" level="INFO">${stdout} = 400;{"exception":"cannot add two files with same name"}
</msg>
<status status="PASS" starttime="20230113 13:47:14.640" endtime="20230113 13:47:14.747"/>
</kw>
<kw name="Log To Console" library="BuiltIn">
<arg>${stdout}</arg>
<doc>Logs the given message to the console.</doc>
<status status="PASS" starttime="20230113 13:47:14.748" endtime="20230113 13:47:14.748"/>
</kw>
<kw name="Parse status code">
<var>${status code}</var>
<arg>${stdout}</arg>
<kw name="Split String" library="String">
<var>${split response}</var>
<arg>${stdout}</arg>
<arg>;</arg>
<doc>Splits the ``string`` using ``separator`` as a delimiter string.</doc>
<msg timestamp="20230113 13:47:14.748" level="INFO">${split response} = ['400', '{"exception":"cannot add two files with same name"}\n']</msg>
<status status="PASS" starttime="20230113 13:47:14.748" endtime="20230113 13:47:14.748"/>
</kw>
<msg timestamp="20230113 13:47:14.749" level="INFO">${status code} = 400</msg>
<status status="PASS" starttime="20230113 13:47:14.748" endtime="20230113 13:47:14.749"/>
</kw>
<kw name="Parse response body">
<var>${body}</var>
<arg>${stdout}</arg>
<kw name="Split String" library="String">
<var>${split response}</var>
<arg>${stdout}</arg>
<arg>;</arg>
<doc>Splits the ``string`` using ``separator`` as a delimiter string.</doc>
<msg timestamp="20230113 13:47:14.749" level="INFO">${split response} = ['400', '{"exception":"cannot add two files with same name"}\n']</msg>
<status status="PASS" starttime="20230113 13:47:14.749" endtime="20230113 13:47:14.749"/>
</kw>
<kw name="Evaluate" library="BuiltIn">
<var>${json}</var>
<arg>json.loads('''${split response}[1]''')</arg>
<arg>json</arg>
<doc>Evaluates the given expression in Python and returns the result.</doc>
<msg timestamp="20230113 13:47:14.750" level="INFO">${json} = {'exception': 'cannot add two files with same name'}</msg>
<status status="PASS" starttime="20230113 13:47:14.749" endtime="20230113 13:47:14.750"/>
</kw>
<msg timestamp="20230113 13:47:14.750" level="INFO">${body} = {'exception': 'cannot add two files with same name'}</msg>
<status status="PASS" starttime="20230113 13:47:14.749" endtime="20230113 13:47:14.750"/>
</kw>
<kw name="Should Not Be Empty" library="BuiltIn">
<arg>${body["exception"]}</arg>
<doc>Verifies that the given item is not empty.</doc>
<msg timestamp="20230113 13:47:14.750" level="INFO">Length is 35</msg>
<status status="PASS" starttime="20230113 13:47:14.750" endtime="20230113 13:47:14.750"/>
</kw>
<kw name="Should Be Equal" library="BuiltIn">
<arg>${status code}</arg>
<arg>400</arg>
<doc>Fails if the given objects are unequal.</doc>
<status status="PASS" starttime="20230113 13:47:14.750" endtime="20230113 13:47:14.751"/>
</kw>
<kw name="Run CLI" type="TEARDOWN">
<arg>directory</arg>
<arg>delete</arg>
<arg>root</arg>
<kw name="Run Process" library="Process">
<var>${result}</var>
<arg>python3</arg>
<arg>${APP NAME}</arg>
<arg>@{varargs}</arg>
<doc>Runs a process and waits for it to complete.</doc>
<msg timestamp="20230113 13:47:14.751" level="INFO">Starting process:
python3 /home/anya/Desktop/qa-potapchuk-kp01/lab3/ui.py directory delete root</msg>
<msg timestamp="20230113 13:47:14.754" level="INFO">Waiting for process to complete.</msg>
<msg timestamp="20230113 13:47:14.855" level="INFO">Process completed.</msg>
<msg timestamp="20230113 13:47:14.855" level="INFO">${result} = &lt;result object with rc 0&gt;</msg>
<status status="PASS" starttime="20230113 13:47:14.751" endtime="20230113 13:47:14.855"/>
</kw>
<status status="PASS" starttime="20230113 13:47:14.751" endtime="20230113 13:47:14.856"/>
</kw>
<status status="PASS" starttime="20230113 13:47:14.319" endtime="20230113 13:47:14.856"/>
</test>
<test id="s1-t4" name="Create more than max items in folder" line="41">
<kw name="Run CLI" type="SETUP">
<arg>directory</arg>
<arg>create</arg>
<arg>root</arg>
<arg>2</arg>
<arg>None</arg>
<kw name="Run Process" library="Process">
<var>${result}</var>
<arg>python3</arg>
<arg>${APP NAME}</arg>
<arg>@{varargs}</arg>
<doc>Runs a process and waits for it to complete.</doc>
<msg timestamp="20230113 13:47:14.857" level="INFO">Starting process:
python3 /home/anya/Desktop/qa-potapchuk-kp01/lab3/ui.py directory create root 2 None</msg>
<msg timestamp="20230113 13:47:14.859" level="INFO">Waiting for process to complete.</msg>
<msg timestamp="20230113 13:47:14.960" level="INFO">Process completed.</msg>
<msg timestamp="20230113 13:47:14.960" level="INFO">${result} = &lt;result object with rc 0&gt;</msg>
<status status="PASS" starttime="20230113 13:47:14.857" endtime="20230113 13:47:14.960"/>
</kw>
<status status="PASS" starttime="20230113 13:47:14.856" endtime="20230113 13:47:14.961"/>
</kw>
<kw name="Get root id">
<var>${root id}</var>
<kw name="Run CLI">
<var>${stdout}</var>
<arg>directory</arg>
<arg>get_root</arg>
<kw name="Run Process" library="Process">
<var>${result}</var>
<arg>python3</arg>
<arg>${APP NAME}</arg>
<arg>@{varargs}</arg>
<doc>Runs a process and waits for it to complete.</doc>
<msg timestamp="20230113 13:47:14.962" level="INFO">Starting process:
python3 /home/anya/Desktop/qa-potapchuk-kp01/lab3/ui.py directory get_root</msg>
<msg timestamp="20230113 13:47:14.964" level="INFO">Waiting for process to complete.</msg>
<msg timestamp="20230113 13:47:15.066" level="INFO">Process completed.</msg>
<msg timestamp="20230113 13:47:15.067" level="INFO">${result} = &lt;result object with rc 0&gt;</msg>
<status status="PASS" starttime="20230113 13:47:14.962" endtime="20230113 13:47:15.067"/>
</kw>
<msg timestamp="20230113 13:47:15.067" level="INFO">${stdout} = 200;{"root_id":"2834df69-b928-4a02-bfa3-8561334c1d57"}
</msg>
<status status="PASS" starttime="20230113 13:47:14.962" endtime="20230113 13:47:15.067"/>
</kw>
<kw name="Parse response body">
<var>${body}</var>
<arg>${stdout}</arg>
<kw name="Split String" library="String">
<var>${split response}</var>
<arg>${stdout}</arg>
<arg>;</arg>
<doc>Splits the ``string`` using ``separator`` as a delimiter string.</doc>
<msg timestamp="20230113 13:47:15.068" level="INFO">${split response} = ['200', '{"root_id":"2834df69-b928-4a02-bfa3-8561334c1d57"}\n']</msg>
<status status="PASS" starttime="20230113 13:47:15.068" endtime="20230113 13:47:15.068"/>
</kw>
<kw name="Evaluate" library="BuiltIn">
<var>${json}</var>
<arg>json.loads('''${split response}[1]''')</arg>
<arg>json</arg>
<doc>Evaluates the given expression in Python and returns the result.</doc>
<msg timestamp="20230113 13:47:15.069" level="INFO">${json} = {'root_id': '2834df69-b928-4a02-bfa3-8561334c1d57'}</msg>
<status status="PASS" starttime="20230113 13:47:15.068" endtime="20230113 13:47:15.069"/>
</kw>
<msg timestamp="20230113 13:47:15.069" level="INFO">${body} = {'root_id': '2834df69-b928-4a02-bfa3-8561334c1d57'}</msg>
<status status="PASS" starttime="20230113 13:47:15.068" endtime="20230113 13:47:15.069"/>
</kw>
<msg timestamp="20230113 13:47:15.069" level="INFO">${root id} = 2834df69-b928-4a02-bfa3-8561334c1d57</msg>
<status status="PASS" starttime="20230113 13:47:14.961" endtime="20230113 13:47:15.069"/>
</kw>
<kw name="Run CLI">
<arg>directory</arg>
<arg>create</arg>
<arg>dir</arg>
<arg>10</arg>
<arg>${root id}</arg>
<kw name="Run Process" library="Process">
<var>${result}</var>
<arg>python3</arg>
<arg>${APP NAME}</arg>
<arg>@{varargs}</arg>
<doc>Runs a process and waits for it to complete.</doc>
<msg timestamp="20230113 13:47:15.070" level="INFO">Starting process:
python3 /home/anya/Desktop/qa-potapchuk-kp01/lab3/ui.py directory create dir 10 2834df69-b928-4a02-bfa3-8561334c1d57</msg>
<msg timestamp="20230113 13:47:15.071" level="INFO">Waiting for process to complete.</msg>
<msg timestamp="20230113 13:47:15.175" level="INFO">Process completed.</msg>
<msg timestamp="20230113 13:47:15.175" level="INFO">${result} = &lt;result object with rc 0&gt;</msg>
<status status="PASS" starttime="20230113 13:47:15.070" endtime="20230113 13:47:15.175"/>
</kw>
<status status="PASS" starttime="20230113 13:47:15.069" endtime="20230113 13:47:15.176"/>
</kw>
<kw name="Run CLI">
<arg>directory</arg>
<arg>create</arg>
<arg>dir2</arg>
<arg>10</arg>
<arg>${root id}</arg>
<kw name="Run Process" library="Process">
<var>${result}</var>
<arg>python3</arg>
<arg>${APP NAME}</arg>
<arg>@{varargs}</arg>
<doc>Runs a process and waits for it to complete.</doc>
<msg timestamp="20230113 13:47:15.177" level="INFO">Starting process:
python3 /home/anya/Desktop/qa-potapchuk-kp01/lab3/ui.py directory create dir2 10 2834df69-b928-4a02-bfa3-8561334c1d57</msg>
<msg timestamp="20230113 13:47:15.178" level="INFO">Waiting for process to complete.</msg>
<msg timestamp="20230113 13:47:15.279" level="INFO">Process completed.</msg>
<msg timestamp="20230113 13:47:15.279" level="INFO">${result} = &lt;result object with rc 0&gt;</msg>
<status status="PASS" starttime="20230113 13:47:15.176" endtime="20230113 13:47:15.279"/>
</kw>
<status status="PASS" starttime="20230113 13:47:15.176" endtime="20230113 13:47:15.280"/>
</kw>
<kw name="Run CLI">
<var>${stdout}</var>
<arg>directory</arg>
<arg>create</arg>
<arg>dir3</arg>
<arg>10</arg>
<arg>${root id}</arg>
<kw name="Run Process" library="Process">
<var>${result}</var>
<arg>python3</arg>
<arg>${APP NAME}</arg>
<arg>@{varargs}</arg>
<doc>Runs a process and waits for it to complete.</doc>
<msg timestamp="20230113 13:47:15.281" level="INFO">Starting process:
python3 /home/anya/Desktop/qa-potapchuk-kp01/lab3/ui.py directory create dir3 10 2834df69-b928-4a02-bfa3-8561334c1d57</msg>
<msg timestamp="20230113 13:47:15.282" level="INFO">Waiting for process to complete.</msg>
<msg timestamp="20230113 13:47:15.385" level="INFO">Process completed.</msg>
<msg timestamp="20230113 13:47:15.385" level="INFO">${result} = &lt;result object with rc 0&gt;</msg>
<status status="PASS" starttime="20230113 13:47:15.281" endtime="20230113 13:47:15.385"/>
</kw>
<msg timestamp="20230113 13:47:15.386" level="INFO">${stdout} = 400;{"exception":"elements in directory more than max"}
</msg>
<status status="PASS" starttime="20230113 13:47:15.280" endtime="20230113 13:47:15.386"/>
</kw>
<kw name="Log To Console" library="BuiltIn">
<arg>${stdout}</arg>
<doc>Logs the given message to the console.</doc>
<status status="PASS" starttime="20230113 13:47:15.386" endtime="20230113 13:47:15.386"/>
</kw>
<kw name="Parse status code">
<var>${status code}</var>
<arg>${stdout}</arg>
<kw name="Split String" library="String">
<var>${split response}</var>
<arg>${stdout}</arg>
<arg>;</arg>
<doc>Splits the ``string`` using ``separator`` as a delimiter string.</doc>
<msg timestamp="20230113 13:47:15.387" level="INFO">${split response} = ['400', '{"exception":"elements in directory more than max"}\n']</msg>
<status status="PASS" starttime="20230113 13:47:15.387" endtime="20230113 13:47:15.387"/>
</kw>
<msg timestamp="20230113 13:47:15.387" level="INFO">${status code} = 400</msg>
<status status="PASS" starttime="20230113 13:47:15.386" endtime="20230113 13:47:15.387"/>
</kw>
<kw name="Parse response body">
<var>${body}</var>
<arg>${stdout}</arg>
<kw name="Split String" library="String">
<var>${split response}</var>
<arg>${stdout}</arg>
<arg>;</arg>
<doc>Splits the ``string`` using ``separator`` as a delimiter string.</doc>
<msg timestamp="20230113 13:47:15.388" level="INFO">${split response} = ['400', '{"exception":"elements in directory more than max"}\n']</msg>
<status status="PASS" starttime="20230113 13:47:15.387" endtime="20230113 13:47:15.388"/>
</kw>
<kw name="Evaluate" library="BuiltIn">
<var>${json}</var>
<arg>json.loads('''${split response}[1]''')</arg>
<arg>json</arg>
<doc>Evaluates the given expression in Python and returns the result.</doc>
<msg timestamp="20230113 13:47:15.388" level="INFO">${json} = {'exception': 'elements in directory more than max'}</msg>
<status status="PASS" starttime="20230113 13:47:15.388" endtime="20230113 13:47:15.388"/>
</kw>
<msg timestamp="20230113 13:47:15.388" level="INFO">${body} = {'exception': 'elements in directory more than max'}</msg>
<status status="PASS" starttime="20230113 13:47:15.387" endtime="20230113 13:47:15.388"/>
</kw>
<kw name="Should Not Be Empty" library="BuiltIn">
<arg>${body["exception"]}</arg>
<doc>Verifies that the given item is not empty.</doc>
<msg timestamp="20230113 13:47:15.389" level="INFO">Length is 35</msg>
<status status="PASS" starttime="20230113 13:47:15.388" endtime="20230113 13:47:15.389"/>
</kw>
<kw name="Should Be Equal" library="BuiltIn">
<arg>${status code}</arg>
<arg>400</arg>
<doc>Fails if the given objects are unequal.</doc>
<status status="PASS" starttime="20230113 13:47:15.389" endtime="20230113 13:47:15.389"/>
</kw>
<kw name="Run CLI" type="TEARDOWN">
<arg>directory</arg>
<arg>delete</arg>
<arg>root</arg>
<kw name="Run Process" library="Process">
<var>${result}</var>
<arg>python3</arg>
<arg>${APP NAME}</arg>
<arg>@{varargs}</arg>
<doc>Runs a process and waits for it to complete.</doc>
<msg timestamp="20230113 13:47:15.390" level="INFO">Starting process:
python3 /home/anya/Desktop/qa-potapchuk-kp01/lab3/ui.py directory delete root</msg>
<msg timestamp="20230113 13:47:15.392" level="INFO">Waiting for process to complete.</msg>
<msg timestamp="20230113 13:47:15.492" level="INFO">Process completed.</msg>
<msg timestamp="20230113 13:47:15.493" level="INFO">${result} = &lt;result object with rc 0&gt;</msg>
<status status="PASS" starttime="20230113 13:47:15.390" endtime="20230113 13:47:15.493"/>
</kw>
<status status="PASS" starttime="20230113 13:47:15.389" endtime="20230113 13:47:15.493"/>
</kw>
<status status="PASS" starttime="20230113 13:47:14.856" endtime="20230113 13:47:15.494"/>
</test>
<test id="s1-t5" name="Delete folder that does not exist" line="52">
<kw name="Run CLI" type="SETUP">
<arg>directory</arg>
<arg>create</arg>
<arg>root</arg>
<arg>2</arg>
<arg>None</arg>
<kw name="Run Process" library="Process">
<var>${result}</var>
<arg>python3</arg>
<arg>${APP NAME}</arg>
<arg>@{varargs}</arg>
<doc>Runs a process and waits for it to complete.</doc>
<msg timestamp="20230113 13:47:15.495" level="INFO">Starting process:
python3 /home/anya/Desktop/qa-potapchuk-kp01/lab3/ui.py directory create root 2 None</msg>
<msg timestamp="20230113 13:47:15.497" level="INFO">Waiting for process to complete.</msg>
<msg timestamp="20230113 13:47:15.608" level="INFO">Process completed.</msg>
<msg timestamp="20230113 13:47:15.608" level="INFO">${result} = &lt;result object with rc 0&gt;</msg>
<status status="PASS" starttime="20230113 13:47:15.495" endtime="20230113 13:47:15.608"/>
</kw>
<status status="PASS" starttime="20230113 13:47:15.494" endtime="20230113 13:47:15.609"/>
</kw>
<kw name="Get root id">
<var>${root id}</var>
<kw name="Run CLI">
<var>${stdout}</var>
<arg>directory</arg>
<arg>get_root</arg>
<kw name="Run Process" library="Process">
<var>${result}</var>
<arg>python3</arg>
<arg>${APP NAME}</arg>
<arg>@{varargs}</arg>
<doc>Runs a process and waits for it to complete.</doc>
<msg timestamp="20230113 13:47:15.611" level="INFO">Starting process:
python3 /home/anya/Desktop/qa-potapchuk-kp01/lab3/ui.py directory get_root</msg>
<msg timestamp="20230113 13:47:15.613" level="INFO">Waiting for process to complete.</msg>
<msg timestamp="20230113 13:47:15.715" level="INFO">Process completed.</msg>
<msg timestamp="20230113 13:47:15.715" level="INFO">${result} = &lt;result object with rc 0&gt;</msg>
<status status="PASS" starttime="20230113 13:47:15.610" endtime="20230113 13:47:15.715"/>
</kw>
<msg timestamp="20230113 13:47:15.716" level="INFO">${stdout} = 200;{"root_id":"d9208b86-5108-44c4-9947-e99b23b82878"}
</msg>
<status status="PASS" starttime="20230113 13:47:15.610" endtime="20230113 13:47:15.716"/>
</kw>
<kw name="Parse response body">
<var>${body}</var>
<arg>${stdout}</arg>
<kw name="Split String" library="String">
<var>${split response}</var>
<arg>${stdout}</arg>
<arg>;</arg>
<doc>Splits the ``string`` using ``separator`` as a delimiter string.</doc>
<msg timestamp="20230113 13:47:15.717" level="INFO">${split response} = ['200', '{"root_id":"d9208b86-5108-44c4-9947-e99b23b82878"}\n']</msg>
<status status="PASS" starttime="20230113 13:47:15.716" endtime="20230113 13:47:15.717"/>
</kw>
<kw name="Evaluate" library="BuiltIn">
<var>${json}</var>
<arg>json.loads('''${split response}[1]''')</arg>
<arg>json</arg>
<doc>Evaluates the given expression in Python and returns the result.</doc>
<msg timestamp="20230113 13:47:15.717" level="INFO">${json} = {'root_id': 'd9208b86-5108-44c4-9947-e99b23b82878'}</msg>
<status status="PASS" starttime="20230113 13:47:15.717" endtime="20230113 13:47:15.717"/>
</kw>
<msg timestamp="20230113 13:47:15.717" level="INFO">${body} = {'root_id': 'd9208b86-5108-44c4-9947-e99b23b82878'}</msg>
<status status="PASS" starttime="20230113 13:47:15.716" endtime="20230113 13:47:15.717"/>
</kw>
<msg timestamp="20230113 13:47:15.718" level="INFO">${root id} = d9208b86-5108-44c4-9947-e99b23b82878</msg>
<status status="PASS" starttime="20230113 13:47:15.609" endtime="20230113 13:47:15.718"/>
</kw>
<kw name="Run CLI">
<arg>directory</arg>
<arg>delete</arg>
<arg>${root id}</arg>
<kw name="Run Process" library="Process">
<var>${result}</var>
<arg>python3</arg>
<arg>${APP NAME}</arg>
<arg>@{varargs}</arg>
<doc>Runs a process and waits for it to complete.</doc>
<msg timestamp="20230113 13:47:15.718" level="INFO">Starting process:
python3 /home/anya/Desktop/qa-potapchuk-kp01/lab3/ui.py directory delete d9208b86-5108-44c4-9947-e99b23b82878</msg>
<msg timestamp="20230113 13:47:15.720" level="INFO">Waiting for process to complete.</msg>
<msg timestamp="20230113 13:47:15.824" level="INFO">Process completed.</msg>
<msg timestamp="20230113 13:47:15.824" level="INFO">${result} = &lt;result object with rc 0&gt;</msg>
<status status="PASS" starttime="20230113 13:47:15.718" endtime="20230113 13:47:15.824"/>
</kw>
<status status="PASS" starttime="20230113 13:47:15.718" endtime="20230113 13:47:15.825"/>
</kw>
<kw name="Run CLI">
<var>${stdout}</var>
<arg>directory</arg>
<arg>delete</arg>
<arg>${root id}</arg>
<kw name="Run Process" library="Process">
<var>${result}</var>
<arg>python3</arg>
<arg>${APP NAME}</arg>
<arg>@{varargs}</arg>
<doc>Runs a process and waits for it to complete.</doc>
<msg timestamp="20230113 13:47:15.826" level="INFO">Starting process:
python3 /home/anya/Desktop/qa-potapchuk-kp01/lab3/ui.py directory delete d9208b86-5108-44c4-9947-e99b23b82878</msg>
<msg timestamp="20230113 13:47:15.827" level="INFO">Waiting for process to complete.</msg>
<msg timestamp="20230113 13:47:15.931" level="INFO">Process completed.</msg>
<msg timestamp="20230113 13:47:15.931" level="INFO">${result} = &lt;result object with rc 0&gt;</msg>
<status status="PASS" starttime="20230113 13:47:15.825" endtime="20230113 13:47:15.931"/>
</kw>
<msg timestamp="20230113 13:47:15.932" level="INFO">${stdout} = 400;{"exception":"You should create root folder first"}
</msg>
<status status="PASS" starttime="20230113 13:47:15.825" endtime="20230113 13:47:15.932"/>
</kw>
<kw name="Log To Console" library="BuiltIn">
<arg>${stdout}</arg>
<doc>Logs the given message to the console.</doc>
<status status="PASS" starttime="20230113 13:47:15.932" endtime="20230113 13:47:15.933"/>
</kw>
<kw name="Parse status code">
<var>${status code}</var>
<arg>${stdout}</arg>
<kw name="Split String" library="String">
<var>${split response}</var>
<arg>${stdout}</arg>
<arg>;</arg>
<doc>Splits the ``string`` using ``separator`` as a delimiter string.</doc>
<msg timestamp="20230113 13:47:15.933" level="INFO">${split response} = ['400', '{"exception":"You should create root folder first"}\n']</msg>
<status status="PASS" starttime="20230113 13:47:15.933" endtime="20230113 13:47:15.933"/>
</kw>
<msg timestamp="20230113 13:47:15.933" level="INFO">${status code} = 400</msg>
<status status="PASS" starttime="20230113 13:47:15.933" endtime="20230113 13:47:15.933"/>
</kw>
<kw name="Parse response body">
<var>${body}</var>
<arg>${stdout}</arg>
<kw name="Split String" library="String">
<var>${split response}</var>
<arg>${stdout}</arg>
<arg>;</arg>
<doc>Splits the ``string`` using ``separator`` as a delimiter string.</doc>
<msg timestamp="20230113 13:47:15.934" level="INFO">${split response} = ['400', '{"exception":"You should create root folder first"}\n']</msg>
<status status="PASS" starttime="20230113 13:47:15.934" endtime="20230113 13:47:15.934"/>
</kw>
<kw name="Evaluate" library="BuiltIn">
<var>${json}</var>
<arg>json.loads('''${split response}[1]''')</arg>
<arg>json</arg>
<doc>Evaluates the given expression in Python and returns the result.</doc>
<msg timestamp="20230113 13:47:15.934" level="INFO">${json} = {'exception': 'You should create root folder first'}</msg>
<status status="PASS" starttime="20230113 13:47:15.934" endtime="20230113 13:47:15.934"/>
</kw>
<msg timestamp="20230113 13:47:15.934" level="INFO">${body} = {'exception': 'You should create root folder first'}</msg>
<status status="PASS" starttime="20230113 13:47:15.933" endtime="20230113 13:47:15.934"/>
</kw>
<kw name="Should Not Be Empty" library="BuiltIn">
<arg>${body["exception"]}</arg>
<doc>Verifies that the given item is not empty.</doc>
<msg timestamp="20230113 13:47:15.935" level="INFO">Length is 35</msg>
<status status="PASS" starttime="20230113 13:47:15.934" endtime="20230113 13:47:15.935"/>
</kw>
<kw name="Should Be Equal" library="BuiltIn">
<arg>${status code}</arg>
<arg>400</arg>
<doc>Fails if the given objects are unequal.</doc>
<status status="PASS" starttime="20230113 13:47:15.935" endtime="20230113 13:47:15.935"/>
</kw>
<kw name="Run CLI" type="TEARDOWN">
<arg>directory</arg>
<arg>delete</arg>
<arg>root</arg>
<kw name="Run Process" library="Process">
<var>${result}</var>
<arg>python3</arg>
<arg>${APP NAME}</arg>
<arg>@{varargs}</arg>
<doc>Runs a process and waits for it to complete.</doc>
<msg timestamp="20230113 13:47:15.936" level="INFO">Starting process:
python3 /home/anya/Desktop/qa-potapchuk-kp01/lab3/ui.py directory delete root</msg>
<msg timestamp="20230113 13:47:15.938" level="INFO">Waiting for process to complete.</msg>
<msg timestamp="20230113 13:47:16.039" level="INFO">Process completed.</msg>
<msg timestamp="20230113 13:47:16.039" level="INFO">${result} = &lt;result object with rc 0&gt;</msg>
<status status="PASS" starttime="20230113 13:47:15.936" endtime="20230113 13:47:16.039"/>
</kw>
<status status="PASS" starttime="20230113 13:47:15.935" endtime="20230113 13:47:16.040"/>
</kw>
<status status="PASS" starttime="20230113 13:47:15.494" endtime="20230113 13:47:16.040"/>
</test>
<test id="s1-t6" name="Delete valid folder" line="62">
<kw name="Run CLI" type="SETUP">
<arg>directory</arg>
<arg>create</arg>
<arg>root</arg>
<arg>2</arg>
<arg>None</arg>
<kw name="Run Process" library="Process">
<var>${result}</var>
<arg>python3</arg>
<arg>${APP NAME}</arg>
<arg>@{varargs}</arg>
<doc>Runs a process and waits for it to complete.</doc>
<msg timestamp="20230113 13:47:16.041" level="INFO">Starting process:
python3 /home/anya/Desktop/qa-potapchuk-kp01/lab3/ui.py directory create root 2 None</msg>
<msg timestamp="20230113 13:47:16.043" level="INFO">Waiting for process to complete.</msg>
<msg timestamp="20230113 13:47:16.150" level="INFO">Process completed.</msg>
<msg timestamp="20230113 13:47:16.150" level="INFO">${result} = &lt;result object with rc 0&gt;</msg>
<status status="PASS" starttime="20230113 13:47:16.041" endtime="20230113 13:47:16.150"/>
</kw>
<status status="PASS" starttime="20230113 13:47:16.040" endtime="20230113 13:47:16.151"/>
</kw>
<kw name="Get root id">
<var>${root id}</var>
<kw name="Run CLI">
<var>${stdout}</var>
<arg>directory</arg>
<arg>get_root</arg>
<kw name="Run Process" library="Process">
<var>${result}</var>
<arg>python3</arg>
<arg>${APP NAME}</arg>
<arg>@{varargs}</arg>
<doc>Runs a process and waits for it to complete.</doc>
<msg timestamp="20230113 13:47:16.152" level="INFO">Starting process:
python3 /home/anya/Desktop/qa-potapchuk-kp01/lab3/ui.py directory get_root</msg>
<msg timestamp="20230113 13:47:16.154" level="INFO">Waiting for process to complete.</msg>
<msg timestamp="20230113 13:47:16.255" level="INFO">Process completed.</msg>
<msg timestamp="20230113 13:47:16.255" level="INFO">${result} = &lt;result object with rc 0&gt;</msg>
<status status="PASS" starttime="20230113 13:47:16.151" endtime="20230113 13:47:16.255"/>
</kw>
<msg timestamp="20230113 13:47:16.256" level="INFO">${stdout} = 200;{"root_id":"55c0dc7a-8034-406b-811a-08292231cb4d"}
</msg>
<status status="PASS" starttime="20230113 13:47:16.151" endtime="20230113 13:47:16.256"/>
</kw>
<kw name="Parse response body">
<var>${body}</var>
<arg>${stdout}</arg>
<kw name="Split String" library="String">
<var>${split response}</var>
<arg>${stdout}</arg>
<arg>;</arg>
<doc>Splits the ``string`` using ``separator`` as a delimiter string.</doc>
<msg timestamp="20230113 13:47:16.257" level="INFO">${split response} = ['200', '{"root_id":"55c0dc7a-8034-406b-811a-08292231cb4d"}\n']</msg>
<status status="PASS" starttime="20230113 13:47:16.256" endtime="20230113 13:47:16.257"/>
</kw>
<kw name="Evaluate" library="BuiltIn">
<var>${json}</var>
<arg>json.loads('''${split response}[1]''')</arg>
<arg>json</arg>
<doc>Evaluates the given expression in Python and returns the result.</doc>
<msg timestamp="20230113 13:47:16.257" level="INFO">${json} = {'root_id': '55c0dc7a-8034-406b-811a-08292231cb4d'}</msg>
<status status="PASS" starttime="20230113 13:47:16.257" endtime="20230113 13:47:16.257"/>
</kw>
<msg timestamp="20230113 13:47:16.257" level="INFO">${body} = {'root_id': '55c0dc7a-8034-406b-811a-08292231cb4d'}</msg>
<status status="PASS" starttime="20230113 13:47:16.256" endtime="20230113 13:47:16.257"/>
</kw>
<msg timestamp="20230113 13:47:16.258" level="INFO">${root id} = 55c0dc7a-8034-406b-811a-08292231cb4d</msg>
<status status="PASS" starttime="20230113 13:47:16.151" endtime="20230113 13:47:16.258"/>
</kw>
<kw name="Run CLI">
<var>${stdout}</var>
<arg>directory</arg>
<arg>delete</arg>
<arg>${root id}</arg>
<kw name="Run Process" library="Process">
<var>${result}</var>
<arg>python3</arg>
<arg>${APP NAME}</arg>
<arg>@{varargs}</arg>
<doc>Runs a process and waits for it to complete.</doc>
<msg timestamp="20230113 13:47:16.258" level="INFO">Starting process:
python3 /home/anya/Desktop/qa-potapchuk-kp01/lab3/ui.py directory delete 55c0dc7a-8034-406b-811a-08292231cb4d</msg>
<msg timestamp="20230113 13:47:16.260" level="INFO">Waiting for process to complete.</msg>
<msg timestamp="20230113 13:47:16.360" level="INFO">Process completed.</msg>
<msg timestamp="20230113 13:47:16.360" level="INFO">${result} = &lt;result object with rc 0&gt;</msg>
<status status="PASS" starttime="20230113 13:47:16.258" endtime="20230113 13:47:16.360"/>
</kw>
<msg timestamp="20230113 13:47:16.361" level="INFO">${stdout} = 200;{}
</msg>
<status status="PASS" starttime="20230113 13:47:16.258" endtime="20230113 13:47:16.361"/>
</kw>
<kw name="Log To Console" library="BuiltIn">
<arg>${stdout}</arg>
<doc>Logs the given message to the console.</doc>
<status status="PASS" starttime="20230113 13:47:16.361" endtime="20230113 13:47:16.361"/>
</kw>
<kw name="Parse status code">
<var>${status code}</var>
<arg>${stdout}</arg>
<kw name="Split String" library="String">
<var>${split response}</var>
<arg>${stdout}</arg>
<arg>;</arg>
<doc>Splits the ``string`` using ``separator`` as a delimiter string.</doc>
<msg timestamp="20230113 13:47:16.362" level="INFO">${split response} = ['200', '{}\n']</msg>
<status status="PASS" starttime="20230113 13:47:16.362" endtime="20230113 13:47:16.362"/>
</kw>
<msg timestamp="20230113 13:47:16.362" level="INFO">${status code} = 200</msg>
<status status="PASS" starttime="20230113 13:47:16.362" endtime="20230113 13:47:16.362"/>
</kw>
<kw name="Parse response body">
<var>${body}</var>
<arg>${stdout}</arg>
<kw name="Split String" library="String">
<var>${split response}</var>
<arg>${stdout}</arg>
<arg>;</arg>
<doc>Splits the ``string`` using ``separator`` as a delimiter string.</doc>
<msg timestamp="20230113 13:47:16.363" level="INFO">${split response} = ['200', '{}\n']</msg>
<status status="PASS" starttime="20230113 13:47:16.363" endtime="20230113 13:47:16.363"/>
</kw>
<kw name="Evaluate" library="BuiltIn">
<var>${json}</var>
<arg>json.loads('''${split response}[1]''')</arg>
<arg>json</arg>
<doc>Evaluates the given expression in Python and returns the result.</doc>
<msg timestamp="20230113 13:47:16.363" level="INFO">${json} = {}</msg>
<status status="PASS" starttime="20230113 13:47:16.363" endtime="20230113 13:47:16.363"/>
</kw>
<msg timestamp="20230113 13:47:16.363" level="INFO">${body} = {}</msg>
<status status="PASS" starttime="20230113 13:47:16.362" endtime="20230113 13:47:16.363"/>
</kw>
<kw name="Should Be Empty" library="BuiltIn">
<arg>${body}</arg>
<doc>Verifies that the given item is empty.</doc>
<msg timestamp="20230113 13:47:16.364" level="INFO">Length is 0</msg>
<status status="PASS" starttime="20230113 13:47:16.363" endtime="20230113 13:47:16.364"/>
</kw>
<kw name="Should Be Equal" library="BuiltIn">
<arg>${status code}</arg>
<arg>200</arg>
<doc>Fails if the given objects are unequal.</doc>
<status status="PASS" starttime="20230113 13:47:16.364" endtime="20230113 13:47:16.364"/>
</kw>
<kw name="Run CLI" type="TEARDOWN">
<arg>directory</arg>
<arg>delete</arg>
<arg>root</arg>
<kw name="Run Process" library="Process">
<var>${result}</var>
<arg>python3</arg>
<arg>${APP NAME}</arg>
<arg>@{varargs}</arg>
<doc>Runs a process and waits for it to complete.</doc>
<msg timestamp="20230113 13:47:16.365" level="INFO">Starting process:
python3 /home/anya/Desktop/qa-potapchuk-kp01/lab3/ui.py directory delete root</msg>
<msg timestamp="20230113 13:47:16.366" level="INFO">Waiting for process to complete.</msg>
<msg timestamp="20230113 13:47:16.468" level="INFO">Process completed.</msg>
<msg timestamp="20230113 13:47:16.468" level="INFO">${result} = &lt;result object with rc 0&gt;</msg>
<status status="PASS" starttime="20230113 13:47:16.364" endtime="20230113 13:47:16.468"/>
</kw>
<status status="PASS" starttime="20230113 13:47:16.364" endtime="20230113 13:47:16.469"/>
</kw>
<status status="PASS" starttime="20230113 13:47:16.040" endtime="20230113 13:47:16.469"/>
</test>
<test id="s1-t7" name="Move to the valid path" line="71">
<kw name="Run CLI" type="SETUP">
<arg>directory</arg>
<arg>create</arg>
<arg>root</arg>
<arg>2</arg>
<arg>None</arg>
<kw name="Run Process" library="Process">
<var>${result}</var>
<arg>python3</arg>
<arg>${APP NAME}</arg>
<arg>@{varargs}</arg>
<doc>Runs a process and waits for it to complete.</doc>
<msg timestamp="20230113 13:47:16.470" level="INFO">Starting process:
python3 /home/anya/Desktop/qa-potapchuk-kp01/lab3/ui.py directory create root 2 None</msg>
<msg timestamp="20230113 13:47:16.472" level="INFO">Waiting for process to complete.</msg>
<msg timestamp="20230113 13:47:16.575" level="INFO">Process completed.</msg>
<msg timestamp="20230113 13:47:16.575" level="INFO">${result} = &lt;result object with rc 0&gt;</msg>
<status status="PASS" starttime="20230113 13:47:16.470" endtime="20230113 13:47:16.575"/>
</kw>
<status status="PASS" starttime="20230113 13:47:16.470" endtime="20230113 13:47:16.576"/>
</kw>
<kw name="Get root id">
<var>${root id}</var>
<kw name="Run CLI">
<var>${stdout}</var>
<arg>directory</arg>
<arg>get_root</arg>
<kw name="Run Process" library="Process">
<var>${result}</var>
<arg>python3</arg>
<arg>${APP NAME}</arg>
<arg>@{varargs}</arg>
<doc>Runs a process and waits for it to complete.</doc>
<msg timestamp="20230113 13:47:16.577" level="INFO">Starting process:
python3 /home/anya/Desktop/qa-potapchuk-kp01/lab3/ui.py directory get_root</msg>
<msg timestamp="20230113 13:47:16.579" level="INFO">Waiting for process to complete.</msg>
<msg timestamp="20230113 13:47:16.678" level="INFO">Process completed.</msg>
<msg timestamp="20230113 13:47:16.678" level="INFO">${result} = &lt;result object with rc 0&gt;</msg>
<status status="PASS" starttime="20230113 13:47:16.577" endtime="20230113 13:47:16.678"/>
</kw>
<msg timestamp="20230113 13:47:16.679" level="INFO">${stdout} = 200;{"root_id":"f442446b-3bf2-4828-a707-d2346bf2ac31"}
</msg>
<status status="PASS" starttime="20230113 13:47:16.576" endtime="20230113 13:47:16.679"/>
</kw>
<kw name="Parse response body">
<var>${body}</var>
<arg>${stdout}</arg>
<kw name="Split String" library="String">
<var>${split response}</var>
<arg>${stdout}</arg>
<arg>;</arg>
<doc>Splits the ``string`` using ``separator`` as a delimiter string.</doc>
<msg timestamp="20230113 13:47:16.680" level="INFO">${split response} = ['200', '{"root_id":"f442446b-3bf2-4828-a707-d2346bf2ac31"}\n']</msg>
<status status="PASS" starttime="20230113 13:47:16.679" endtime="20230113 13:47:16.680"/>
</kw>
<kw name="Evaluate" library="BuiltIn">
<var>${json}</var>
<arg>json.loads('''${split response}[1]''')</arg>
<arg>json</arg>
<doc>Evaluates the given expression in Python and returns the result.</doc>
<msg timestamp="20230113 13:47:16.680" level="INFO">${json} = {'root_id': 'f442446b-3bf2-4828-a707-d2346bf2ac31'}</msg>
<status status="PASS" starttime="20230113 13:47:16.680" endtime="20230113 13:47:16.680"/>
</kw>
<msg timestamp="20230113 13:47:16.680" level="INFO">${body} = {'root_id': 'f442446b-3bf2-4828-a707-d2346bf2ac31'}</msg>
<status status="PASS" starttime="20230113 13:47:16.679" endtime="20230113 13:47:16.680"/>
</kw>
<msg timestamp="20230113 13:47:16.681" level="INFO">${root id} = f442446b-3bf2-4828-a707-d2346bf2ac31</msg>
<status status="PASS" starttime="20230113 13:47:16.576" endtime="20230113 13:47:16.681"/>
</kw>
<kw name="Run CLI">
<arg>directory</arg>
<arg>create</arg>
<arg>dir</arg>
<arg>10</arg>
<arg>${root id}</arg>
<kw name="Run Process" library="Process">
<var>${result}</var>
<arg>python3</arg>
<arg>${APP NAME}</arg>
<arg>@{varargs}</arg>
<doc>Runs a process and waits for it to complete.</doc>
<msg timestamp="20230113 13:47:16.681" level="INFO">Starting process:
python3 /home/anya/Desktop/qa-potapchuk-kp01/lab3/ui.py directory create dir 10 f442446b-3bf2-4828-a707-d2346bf2ac31</msg>
<msg timestamp="20230113 13:47:16.683" level="INFO">Waiting for process to complete.</msg>
<msg timestamp="20230113 13:47:16.783" level="INFO">Process completed.</msg>
<msg timestamp="20230113 13:47:16.783" level="INFO">${result} = &lt;result object with rc 0&gt;</msg>
<status status="PASS" starttime="20230113 13:47:16.681" endtime="20230113 13:47:16.783"/>
</kw>
<status status="PASS" starttime="20230113 13:47:16.681" endtime="20230113 13:47:16.784"/>
</kw>
<kw name="Run CLI">
<var>${response}</var>
<arg>directory</arg>
<arg>create</arg>
<arg>dir1</arg>
<arg>10</arg>
<arg>${root id}</arg>
<kw name="Run Process" library="Process">
<var>${result}</var>
<arg>python3</arg>
<arg>${APP NAME}</arg>
<arg>@{varargs}</arg>
<doc>Runs a process and waits for it to complete.</doc>
<msg timestamp="20230113 13:47:16.785" level="INFO">Starting process:
python3 /home/anya/Desktop/qa-potapchuk-kp01/lab3/ui.py directory create dir1 10 f442446b-3bf2-4828-a707-d2346bf2ac31</msg>
<msg timestamp="20230113 13:47:16.787" level="INFO">Waiting for process to complete.</msg>
<msg timestamp="20230113 13:47:16.891" level="INFO">Process completed.</msg>
<msg timestamp="20230113 13:47:16.891" level="INFO">${result} = &lt;result object with rc 0&gt;</msg>
<status status="PASS" starttime="20230113 13:47:16.785" endtime="20230113 13:47:16.891"/>
</kw>
<msg timestamp="20230113 13:47:16.892" level="INFO">${response} = 200;{"dir_id":"0ea215e0-a0fa-49aa-8c66-e74566ad59b6"}
</msg>
<status status="PASS" starttime="20230113 13:47:16.784" endtime="20230113 13:47:16.892"/>
</kw>
<kw name="Parse response body">
<var>${response body}</var>
<arg>${response}</arg>
<kw name="Split String" library="String">
<var>${split response}</var>
<arg>${stdout}</arg>
<arg>;</arg>
<doc>Splits the ``string`` using ``separator`` as a delimiter string.</doc>
<msg timestamp="20230113 13:47:16.893" level="INFO">${split response} = ['200', '{"dir_id":"0ea215e0-a0fa-49aa-8c66-e74566ad59b6"}\n']</msg>
<status status="PASS" starttime="20230113 13:47:16.892" endtime="20230113 13:47:16.893"/>
</kw>
<kw name="Evaluate" library="BuiltIn">
<var>${json}</var>
<arg>json.loads('''${split response}[1]''')</arg>
<arg>json</arg>
<doc>Evaluates the given expression in Python and returns the result.</doc>
<msg timestamp="20230113 13:47:16.893" level="INFO">${json} = {'dir_id': '0ea215e0-a0fa-49aa-8c66-e74566ad59b6'}</msg>
<status status="PASS" starttime="20230113 13:47:16.893" endtime="20230113 13:47:16.893"/>
</kw>
<msg timestamp="20230113 13:47:16.893" level="INFO">${response body} = {'dir_id': '0ea215e0-a0fa-49aa-8c66-e74566ad59b6'}</msg>
<status status="PASS" starttime="20230113 13:47:16.892" endtime="20230113 13:47:16.893"/>
</kw>
<kw name="Run CLI">
<var>${stdout}</var>
<arg>directory</arg>
<arg>move</arg>
<arg>${response body["dir_id"]}</arg>
<arg>${PATH}</arg>
<kw name="Run Process" library="Process">
<var>${result}</var>
<arg>python3</arg>
<arg>${APP NAME}</arg>
<arg>@{varargs}</arg>
<doc>Runs a process and waits for it to complete.</doc>
<msg timestamp="20230113 13:47:16.894" level="INFO">Starting process:
python3 /home/anya/Desktop/qa-potapchuk-kp01/lab3/ui.py directory move 0ea215e0-a0fa-49aa-8c66-e74566ad59b6 ../dir</msg>
<msg timestamp="20230113 13:47:16.896" level="INFO">Waiting for process to complete.</msg>
<msg timestamp="20230113 13:47:16.998" level="INFO">Process completed.</msg>
<msg timestamp="20230113 13:47:16.998" level="INFO">${result} = &lt;result object with rc 0&gt;</msg>
<status status="PASS" starttime="20230113 13:47:16.894" endtime="20230113 13:47:16.998"/>
</kw>
<msg timestamp="20230113 13:47:16.999" level="INFO">${stdout} = 200;{}
</msg>
<status status="PASS" starttime="20230113 13:47:16.893" endtime="20230113 13:47:16.999"/>
</kw>
<kw name="Log To Console" library="BuiltIn">
<arg>${stdout}</arg>
<doc>Logs the given message to the console.</doc>
<status status="PASS" starttime="20230113 13:47:16.999" endtime="20230113 13:47:16.999"/>
</kw>
<kw name="Parse status code">
<var>${status code}</var>
<arg>${stdout}</arg>
<kw name="Split String" library="String">
<var>${split response}</var>
<arg>${stdout}</arg>
<arg>;</arg>
<doc>Splits the ``string`` using ``separator`` as a delimiter string.</doc>
<msg timestamp="20230113 13:47:17.000" level="INFO">${split response} = ['200', '{}\n']</msg>
<status status="PASS" starttime="20230113 13:47:17.000" endtime="20230113 13:47:17.000"/>
</kw>
<msg timestamp="20230113 13:47:17.000" level="INFO">${status code} = 200</msg>
<status status="PASS" starttime="20230113 13:47:17.000" endtime="20230113 13:47:17.000"/>
</kw>
<kw name="Parse response body">
<var>${body}</var>
<arg>${stdout}</arg>
<kw name="Split String" library="String">
<var>${split response}</var>
<arg>${stdout}</arg>
<arg>;</arg>
<doc>Splits the ``string`` using ``separator`` as a delimiter string.</doc>
<msg timestamp="20230113 13:47:17.001" level="INFO">${split response} = ['200', '{}\n']</msg>
<status status="PASS" starttime="20230113 13:47:17.001" endtime="20230113 13:47:17.001"/>
</kw>
<kw name="Evaluate" library="BuiltIn">
<var>${json}</var>
<arg>json.loads('''${split response}[1]''')</arg>
<arg>json</arg>
<doc>Evaluates the given expression in Python and returns the result.</doc>
<msg timestamp="20230113 13:47:17.001" level="INFO">${json} = {}</msg>
<status status="PASS" starttime="20230113 13:47:17.001" endtime="20230113 13:47:17.001"/>
</kw>
<msg timestamp="20230113 13:47:17.001" level="INFO">${body} = {}</msg>
<status status="PASS" starttime="20230113 13:47:17.000" endtime="20230113 13:47:17.001"/>
</kw>
<kw name="Should Be Empty" library="BuiltIn">
<arg>${body}</arg>
<doc>Verifies that the given item is empty.</doc>
<msg timestamp="20230113 13:47:17.002" level="INFO">Length is 0</msg>
<status status="PASS" starttime="20230113 13:47:17.002" endtime="20230113 13:47:17.002"/>
</kw>
<kw name="Should Be Equal" library="BuiltIn">
<arg>${status code}</arg>
<arg>200</arg>
<doc>Fails if the given objects are unequal.</doc>
<status status="PASS" starttime="20230113 13:47:17.002" endtime="20230113 13:47:17.002"/>
</kw>
<kw name="Run CLI" type="TEARDOWN">
<arg>directory</arg>
<arg>delete</arg>
<arg>root</arg>
<kw name="Run Process" library="Process">
<var>${result}</var>
<arg>python3</arg>
<arg>${APP NAME}</arg>
<arg>@{varargs}</arg>
<doc>Runs a process and waits for it to complete.</doc>
<msg timestamp="20230113 13:47:17.003" level="INFO">Starting process:
python3 /home/anya/Desktop/qa-potapchuk-kp01/lab3/ui.py directory delete root</msg>
<msg timestamp="20230113 13:47:17.005" level="INFO">Waiting for process to complete.</msg>
<msg timestamp="20230113 13:47:17.108" level="INFO">Process completed.</msg>
<msg timestamp="20230113 13:47:17.108" level="INFO">${result} = &lt;result object with rc 0&gt;</msg>
<status status="PASS" starttime="20230113 13:47:17.002" endtime="20230113 13:47:17.109"/>
</kw>
<status status="PASS" starttime="20230113 13:47:17.002" endtime="20230113 13:47:17.109"/>
</kw>
<status status="PASS" starttime="20230113 13:47:16.469" endtime="20230113 13:47:17.109"/>
</test>
<test id="s1-t8" name="Move to invalid path" line="83">
<kw name="Run CLI" type="SETUP">
<arg>directory</arg>
<arg>create</arg>
<arg>root</arg>
<arg>2</arg>
<arg>None</arg>
<kw name="Run Process" library="Process">
<var>${result}</var>
<arg>python3</arg>
<arg>${APP NAME}</arg>
<arg>@{varargs}</arg>
<doc>Runs a process and waits for it to complete.</doc>
<msg timestamp="20230113 13:47:17.111" level="INFO">Starting process:
python3 /home/anya/Desktop/qa-potapchuk-kp01/lab3/ui.py directory create root 2 None</msg>
<msg timestamp="20230113 13:47:17.112" level="INFO">Waiting for process to complete.</msg>
<msg timestamp="20230113 13:47:17.215" level="INFO">Process completed.</msg>
<msg timestamp="20230113 13:47:17.216" level="INFO">${result} = &lt;result object with rc 0&gt;</msg>
<status status="PASS" starttime="20230113 13:47:17.110" endtime="20230113 13:47:17.216"/>
</kw>
<status status="PASS" starttime="20230113 13:47:17.110" endtime="20230113 13:47:17.216"/>
</kw>
<kw name="Get root id">
<var>${root id}</var>
<kw name="Run CLI">
<var>${stdout}</var>
<arg>directory</arg>
<arg>get_root</arg>
<kw name="Run Process" library="Process">
<var>${result}</var>
<arg>python3</arg>
<arg>${APP NAME}</arg>
<arg>@{varargs}</arg>
<doc>Runs a process and waits for it to complete.</doc>
<msg timestamp="20230113 13:47:17.217" level="INFO">Starting process:
python3 /home/anya/Desktop/qa-potapchuk-kp01/lab3/ui.py directory get_root</msg>
<msg timestamp="20230113 13:47:17.219" level="INFO">Waiting for process to complete.</msg>
<msg timestamp="20230113 13:47:17.321" level="INFO">Process completed.</msg>
<msg timestamp="20230113 13:47:17.321" level="INFO">${result} = &lt;result object with rc 0&gt;</msg>
<status status="PASS" starttime="20230113 13:47:17.217" endtime="20230113 13:47:17.321"/>
</kw>
<msg timestamp="20230113 13:47:17.322" level="INFO">${stdout} = 200;{"root_id":"f38caf93-95ca-4bda-84ef-749c9e54d30a"}
</msg>
<status status="PASS" starttime="20230113 13:47:17.217" endtime="20230113 13:47:17.322"/>
</kw>
<kw name="Parse response body">
<var>${body}</var>
<arg>${stdout}</arg>
<kw name="Split String" library="String">
<var>${split response}</var>
<arg>${stdout}</arg>
<arg>;</arg>
<doc>Splits the ``string`` using ``separator`` as a delimiter string.</doc>
<msg timestamp="20230113 13:47:17.322" level="INFO">${split response} = ['200', '{"root_id":"f38caf93-95ca-4bda-84ef-749c9e54d30a"}\n']</msg>
<status status="PASS" starttime="20230113 13:47:17.322" endtime="20230113 13:47:17.323"/>
</kw>
<kw name="Evaluate" library="BuiltIn">
<var>${json}</var>
<arg>json.loads('''${split response}[1]''')</arg>
<arg>json</arg>
<doc>Evaluates the given expression in Python and returns the result.</doc>
<msg timestamp="20230113 13:47:17.323" level="INFO">${json} = {'root_id': 'f38caf93-95ca-4bda-84ef-749c9e54d30a'}</msg>
<status status="PASS" starttime="20230113 13:47:17.323" endtime="20230113 13:47:17.323"/>
</kw>
<msg timestamp="20230113 13:47:17.323" level="INFO">${body} = {'root_id': 'f38caf93-95ca-4bda-84ef-749c9e54d30a'}</msg>
<status status="PASS" starttime="20230113 13:47:17.322" endtime="20230113 13:47:17.323"/>
</kw>
<msg timestamp="20230113 13:47:17.323" level="INFO">${root id} = f38caf93-95ca-4bda-84ef-749c9e54d30a</msg>
<status status="PASS" starttime="20230113 13:47:17.217" endtime="20230113 13:47:17.324"/>
</kw>
<kw name="Run CLI">
<var>${response}</var>
<arg>directory</arg>
<arg>create</arg>
<arg>dir</arg>
<arg>10</arg>
<arg>${root id}</arg>
<kw name="Run Process" library="Process">
<var>${result}</var>
<arg>python3</arg>
<arg>${APP NAME}</arg>
<arg>@{varargs}</arg>
<doc>Runs a process and waits for it to complete.</doc>
<msg timestamp="20230113 13:47:17.324" level="INFO">Starting process:
python3 /home/anya/Desktop/qa-potapchuk-kp01/lab3/ui.py directory create dir 10 f38caf93-95ca-4bda-84ef-749c9e54d30a</msg>
<msg timestamp="20230113 13:47:17.326" level="INFO">Waiting for process to complete.</msg>
<msg timestamp="20230113 13:47:17.428" level="INFO">Process completed.</msg>
<msg timestamp="20230113 13:47:17.429" level="INFO">${result} = &lt;result object with rc 0&gt;</msg>
<status status="PASS" starttime="20230113 13:47:17.324" endtime="20230113 13:47:17.429"/>
</kw>
<msg timestamp="20230113 13:47:17.429" level="INFO">${response} = 200;{"dir_id":"a1bb0870-b210-496d-a71a-bc900703d5f0"}
</msg>
<status status="PASS" starttime="20230113 13:47:17.324" endtime="20230113 13:47:17.429"/>
</kw>
<kw name="Parse response body">
<var>${response body}</var>
<arg>${response}</arg>
<kw name="Split String" library="String">
<var>${split response}</var>
<arg>${stdout}</arg>
<arg>;</arg>
<doc>Splits the ``string`` using ``separator`` as a delimiter string.</doc>
<msg timestamp="20230113 13:47:17.430" level="INFO">${split response} = ['200', '{"dir_id":"a1bb0870-b210-496d-a71a-bc900703d5f0"}\n']</msg>
<status status="PASS" starttime="20230113 13:47:17.430" endtime="20230113 13:47:17.430"/>
</kw>
<kw name="Evaluate" library="BuiltIn">
<var>${json}</var>
<arg>json.loads('''${split response}[1]''')</arg>
<arg>json</arg>
<doc>Evaluates the given expression in Python and returns the result.</doc>
<msg timestamp="20230113 13:47:17.431" level="INFO">${json} = {'dir_id': 'a1bb0870-b210-496d-a71a-bc900703d5f0'}</msg>
<status status="PASS" starttime="20230113 13:47:17.431" endtime="20230113 13:47:17.431"/>
</kw>
<msg timestamp="20230113 13:47:17.431" level="INFO">${response body} = {'dir_id': 'a1bb0870-b210-496d-a71a-bc900703d5f0'}</msg>
<status status="PASS" starttime="20230113 13:47:17.430" endtime="20230113 13:47:17.431"/>
</kw>
<kw name="Run CLI">
<var>${stdout}</var>
<arg>directory</arg>
<arg>move</arg>
<arg>${response body["dir_id"]}</arg>
<arg>${INVALID PATH}</arg>
<kw name="Run Process" library="Process">
<var>${result}</var>
<arg>python3</arg>
<arg>${APP NAME}</arg>
<arg>@{varargs}</arg>
<doc>Runs a process and waits for it to complete.</doc>
<msg timestamp="20230113 13:47:17.432" level="INFO">Starting process:
python3 /home/anya/Desktop/qa-potapchuk-kp01/lab3/ui.py directory move a1bb0870-b210-496d-a71a-bc900703d5f0 ../dir22222222222</msg>
<msg timestamp="20230113 13:47:17.434" level="INFO">Waiting for process to complete.</msg>
<msg timestamp="20230113 13:47:17.536" level="INFO">Process completed.</msg>
<msg timestamp="20230113 13:47:17.536" level="INFO">${result} = &lt;result object with rc 0&gt;</msg>
<status status="PASS" starttime="20230113 13:47:17.432" endtime="20230113 13:47:17.536"/>
</kw>
<msg timestamp="20230113 13:47:17.537" level="INFO">${stdout} = 404;{"exception":"wrong path"}
</msg>
<status status="PASS" starttime="20230113 13:47:17.431" endtime="20230113 13:47:17.537"/>
</kw>
<kw name="Log To Console" library="BuiltIn">
<arg>${stdout}</arg>
<doc>Logs the given message to the console.</doc>
<status status="PASS" starttime="20230113 13:47:17.537" endtime="20230113 13:47:17.537"/>
</kw>
<kw name="Parse status code">
<var>${status code}</var>
<arg>${stdout}</arg>
<kw name="Split String" library="String">
<var>${split response}</var>
<arg>${stdout}</arg>
<arg>;</arg>
<doc>Splits the ``string`` using ``separator`` as a delimiter string.</doc>
<msg timestamp="20230113 13:47:17.538" level="INFO">${split response} = ['404', '{"exception":"wrong path"}\n']</msg>
<status status="PASS" starttime="20230113 13:47:17.538" endtime="20230113 13:47:17.538"/>
</kw>
<msg timestamp="20230113 13:47:17.538" level="INFO">${status code} = 404</msg>
<status status="PASS" starttime="20230113 13:47:17.538" endtime="20230113 13:47:17.538"/>
</kw>
<kw name="Parse response body">
<var>${body}</var>
<arg>${stdout}</arg>
<kw name="Split String" library="String">
<var>${split response}</var>
<arg>${stdout}</arg>
<arg>;</arg>
<doc>Splits the ``string`` using ``separator`` as a delimiter string.</doc>
<msg timestamp="20230113 13:47:17.539" level="INFO">${split response} = ['404', '{"exception":"wrong path"}\n']</msg>
<status status="PASS" starttime="20230113 13:47:17.538" endtime="20230113 13:47:17.539"/>
</kw>
<kw name="Evaluate" library="BuiltIn">
<var>${json}</var>
<arg>json.loads('''${split response}[1]''')</arg>
<arg>json</arg>
<doc>Evaluates the given expression in Python and returns the result.</doc>
<msg timestamp="20230113 13:47:17.539" level="INFO">${json} = {'exception': 'wrong path'}</msg>
<status status="PASS" starttime="20230113 13:47:17.539" endtime="20230113 13:47:17.539"/>
</kw>
<msg timestamp="20230113 13:47:17.539" level="INFO">${body} = {'exception': 'wrong path'}</msg>
<status status="PASS" starttime="20230113 13:47:17.538" endtime="20230113 13:47:17.539"/>
</kw>
<kw name="Should Not Be Empty" library="BuiltIn">
<arg>${body}</arg>
<doc>Verifies that the given item is not empty.</doc>
<msg timestamp="20230113 13:47:17.539" level="INFO">Length is 1</msg>
<status status="PASS" starttime="20230113 13:47:17.539" endtime="20230113 13:47:17.540"/>
</kw>
<kw name="Should Be Equal" library="BuiltIn">
<arg>${status code}</arg>
<arg>404</arg>
<doc>Fails if the given objects are unequal.</doc>
<status status="PASS" starttime="20230113 13:47:17.540" endtime="20230113 13:47:17.540"/>
</kw>
<kw name="Run CLI" type="TEARDOWN">
<arg>directory</arg>
<arg>delete</arg>
<arg>root</arg>
<kw name="Run Process" library="Process">
<var>${result}</var>
<arg>python3</arg>
<arg>${APP NAME}</arg>
<arg>@{varargs}</arg>
<doc>Runs a process and waits for it to complete.</doc>
<msg timestamp="20230113 13:47:17.540" level="INFO">Starting process:
python3 /home/anya/Desktop/qa-potapchuk-kp01/lab3/ui.py directory delete root</msg>
<msg timestamp="20230113 13:47:17.542" level="INFO">Waiting for process to complete.</msg>
<msg timestamp="20230113 13:47:17.646" level="INFO">Process completed.</msg>
<msg timestamp="20230113 13:47:17.647" level="INFO">${result} = &lt;result object with rc 0&gt;</msg>
<status status="PASS" starttime="20230113 13:47:17.540" endtime="20230113 13:47:17.647"/>
</kw>
<status status="PASS" starttime="20230113 13:47:17.540" endtime="20230113 13:47:17.647"/>
</kw>
<status status="PASS" starttime="20230113 13:47:17.110" endtime="20230113 13:47:17.647"/>
</test>
<test id="s1-t9" name="Get all items in directiry" line="94">
<kw name="Run CLI" type="SETUP">
<arg>directory</arg>
<arg>create</arg>
<arg>root</arg>
<arg>2</arg>
<arg>None</arg>
<kw name="Run Process" library="Process">
<var>${result}</var>
<arg>python3</arg>
<arg>${APP NAME}</arg>
<arg>@{varargs}</arg>
<doc>Runs a process and waits for it to complete.</doc>
<msg timestamp="20230113 13:47:17.649" level="INFO">Starting process:
python3 /home/anya/Desktop/qa-potapchuk-kp01/lab3/ui.py directory create root 2 None</msg>
<msg timestamp="20230113 13:47:17.651" level="INFO">Waiting for process to complete.</msg>
<msg timestamp="20230113 13:47:17.753" level="INFO">Process completed.</msg>
<msg timestamp="20230113 13:47:17.754" level="INFO">${result} = &lt;result object with rc 0&gt;</msg>
<status status="PASS" starttime="20230113 13:47:17.648" endtime="20230113 13:47:17.754"/>
</kw>
<status status="PASS" starttime="20230113 13:47:17.648" endtime="20230113 13:47:17.754"/>
</kw>
<kw name="Get root id">
<var>${root id}</var>
<kw name="Run CLI">
<var>${stdout}</var>
<arg>directory</arg>
<arg>get_root</arg>
<kw name="Run Process" library="Process">
<var>${result}</var>
<arg>python3</arg>
<arg>${APP NAME}</arg>
<arg>@{varargs}</arg>
<doc>Runs a process and waits for it to complete.</doc>
<msg timestamp="20230113 13:47:17.755" level="INFO">Starting process:
python3 /home/anya/Desktop/qa-potapchuk-kp01/lab3/ui.py directory get_root</msg>
<msg timestamp="20230113 13:47:17.757" level="INFO">Waiting for process to complete.</msg>
<msg timestamp="20230113 13:47:17.860" level="INFO">Process completed.</msg>
<msg timestamp="20230113 13:47:17.860" level="INFO">${result} = &lt;result object with rc 0&gt;</msg>
<status status="PASS" starttime="20230113 13:47:17.755" endtime="20230113 13:47:17.860"/>
</kw>
<msg timestamp="20230113 13:47:17.861" level="INFO">${stdout} = 200;{"root_id":"e6368c8a-b397-434c-bf0d-9ab87b726642"}
</msg>
<status status="PASS" starttime="20230113 13:47:17.755" endtime="20230113 13:47:17.861"/>
</kw>
<kw name="Parse response body">
<var>${body}</var>
<arg>${stdout}</arg>
<kw name="Split String" library="String">
<var>${split response}</var>
<arg>${stdout}</arg>
<arg>;</arg>
<doc>Splits the ``string`` using ``separator`` as a delimiter string.</doc>
<msg timestamp="20230113 13:47:17.861" level="INFO">${split response} = ['200', '{"root_id":"e6368c8a-b397-434c-bf0d-9ab87b726642"}\n']</msg>
<status status="PASS" starttime="20230113 13:47:17.861" endtime="20230113 13:47:17.862"/>
</kw>
<kw name="Evaluate" library="BuiltIn">
<var>${json}</var>
<arg>json.loads('''${split response}[1]''')</arg>
<arg>json</arg>
<doc>Evaluates the given expression in Python and returns the result.</doc>
<msg timestamp="20230113 13:47:17.862" level="INFO">${json} = {'root_id': 'e6368c8a-b397-434c-bf0d-9ab87b726642'}</msg>
<status status="PASS" starttime="20230113 13:47:17.862" endtime="20230113 13:47:17.862"/>
</kw>
<msg timestamp="20230113 13:47:17.862" level="INFO">${body} = {'root_id': 'e6368c8a-b397-434c-bf0d-9ab87b726642'}</msg>
<status status="PASS" starttime="20230113 13:47:17.861" endtime="20230113 13:47:17.862"/>
</kw>
<msg timestamp="20230113 13:47:17.863" level="INFO">${root id} = e6368c8a-b397-434c-bf0d-9ab87b726642</msg>
<status status="PASS" starttime="20230113 13:47:17.755" endtime="20230113 13:47:17.863"/>
</kw>
<kw name="Run CLI">
<var>${response}</var>
<arg>directory</arg>
<arg>create</arg>
<arg>dir</arg>
<arg>10</arg>
<arg>${root id}</arg>
<kw name="Run Process" library="Process">
<var>${result}</var>
<arg>python3</arg>
<arg>${APP NAME}</arg>
<arg>@{varargs}</arg>
<doc>Runs a process and waits for it to complete.</doc>
<msg timestamp="20230113 13:47:17.863" level="INFO">Starting process:
python3 /home/anya/Desktop/qa-potapchuk-kp01/lab3/ui.py directory create dir 10 e6368c8a-b397-434c-bf0d-9ab87b726642</msg>
<msg timestamp="20230113 13:47:17.865" level="INFO">Waiting for process to complete.</msg>
<msg timestamp="20230113 13:47:17.967" level="INFO">Process completed.</msg>
<msg timestamp="20230113 13:47:17.967" level="INFO">${result} = &lt;result object with rc 0&gt;</msg>
<status status="PASS" starttime="20230113 13:47:17.863" endtime="20230113 13:47:17.968"/>
</kw>
<msg timestamp="20230113 13:47:17.968" level="INFO">${response} = 200;{"dir_id":"8d994aba-cdf2-45c9-9780-5af1de6dd935"}
</msg>
<status status="PASS" starttime="20230113 13:47:17.863" endtime="20230113 13:47:17.968"/>
</kw>
<kw name="Parse response body">
<var>${response body}</var>
<arg>${response}</arg>
<kw name="Split String" library="String">
<var>${split response}</var>
<arg>${stdout}</arg>
<arg>;</arg>
<doc>Splits the ``string`` using ``separator`` as a delimiter string.</doc>
<msg timestamp="20230113 13:47:17.969" level="INFO">${split response} = ['200', '{"dir_id":"8d994aba-cdf2-45c9-9780-5af1de6dd935"}\n']</msg>
<status status="PASS" starttime="20230113 13:47:17.969" endtime="20230113 13:47:17.969"/>
</kw>
<kw name="Evaluate" library="BuiltIn">
<var>${json}</var>
<arg>json.loads('''${split response}[1]''')</arg>
<arg>json</arg>
<doc>Evaluates the given expression in Python and returns the result.</doc>
<msg timestamp="20230113 13:47:17.969" level="INFO">${json} = {'dir_id': '8d994aba-cdf2-45c9-9780-5af1de6dd935'}</msg>
<status status="PASS" starttime="20230113 13:47:17.969" endtime="20230113 13:47:17.969"/>
</kw>
<msg timestamp="20230113 13:47:17.970" level="INFO">${response body} = {'dir_id': '8d994aba-cdf2-45c9-9780-5af1de6dd935'}</msg>
<status status="PASS" starttime="20230113 13:47:17.968" endtime="20230113 13:47:17.970"/>
</kw>
<kw name="Run CLI">
<var>${stdout}</var>
<arg>directory</arg>
<arg>get-items</arg>
<arg>${response body["dir_id"]}</arg>
<kw name="Run Process" library="Process">
<var>${result}</var>
<arg>python3</arg>
<arg>${APP NAME}</arg>
<arg>@{varargs}</arg>
<doc>Runs a process and waits for it to complete.</doc>
<msg timestamp="20230113 13:47:17.972" level="INFO">Starting process:
python3 /home/anya/Desktop/qa-potapchuk-kp01/lab3/ui.py directory get-items 8d994aba-cdf2-45c9-9780-5af1de6dd935</msg>
<msg timestamp="20230113 13:47:17.974" level="INFO">Waiting for process to complete.</msg>
<msg timestamp="20230113 13:47:18.078" level="INFO">Process completed.</msg>
<msg timestamp="20230113 13:47:18.078" level="INFO">${result} = &lt;result object with rc 0&gt;</msg>
<status status="PASS" starttime="20230113 13:47:17.971" endtime="20230113 13:47:18.078"/>
</kw>
<msg timestamp="20230113 13:47:18.079" level="INFO">${stdout} = 200;{"id":"8d994aba-cdf2-45c9-9780-5af1de6dd935","items":[],"title":"dir"}
</msg>
<status status="PASS" starttime="20230113 13:47:17.970" endtime="20230113 13:47:18.079"/>
</kw>
<kw name="Log To Console" library="BuiltIn">
<arg>${stdout}</arg>
<doc>Logs the given message to the console.</doc>
<status status="PASS" starttime="20230113 13:47:18.079" endtime="20230113 13:47:18.080"/>
</kw>
<kw name="Parse status code">
<var>${status code}</var>
<arg>${stdout}</arg>
<kw name="Split String" library="String">
<var>${split response}</var>
<arg>${stdout}</arg>
<arg>;</arg>
<doc>Splits the ``string`` using ``separator`` as a delimiter string.</doc>
<msg timestamp="20230113 13:47:18.080" level="INFO">${split response} = ['200', '{"id":"8d994aba-cdf2-45c9-9780-5af1de6dd935","items":[],"title":"dir"}\n']</msg>
<status status="PASS" starttime="20230113 13:47:18.080" endtime="20230113 13:47:18.080"/>
</kw>
<msg timestamp="20230113 13:47:18.080" level="INFO">${status code} = 200</msg>
<status status="PASS" starttime="20230113 13:47:18.080" endtime="20230113 13:47:18.080"/>
</kw>
<kw name="Parse response body">
<var>${body}</var>
<arg>${stdout}</arg>
<kw name="Split String" library="String">
<var>${split response}</var>
<arg>${stdout}</arg>
<arg>;</arg>
<doc>Splits the ``string`` using ``separator`` as a delimiter string.</doc>
<msg timestamp="20230113 13:47:18.081" level="INFO">${split response} = ['200', '{"id":"8d994aba-cdf2-45c9-9780-5af1de6dd935","items":[],"title":"dir"}\n']</msg>
<status status="PASS" starttime="20230113 13:47:18.081" endtime="20230113 13:47:18.081"/>
</kw>
<kw name="Evaluate" library="BuiltIn">
<var>${json}</var>
<arg>json.loads('''${split response}[1]''')</arg>
<arg>json</arg>
<doc>Evaluates the given expression in Python and returns the result.</doc>
<msg timestamp="20230113 13:47:18.081" level="INFO">${json} = {'id': '8d994aba-cdf2-45c9-9780-5af1de6dd935', 'items': [], 'title': 'dir'}</msg>
<status status="PASS" starttime="20230113 13:47:18.081" endtime="20230113 13:47:18.081"/>
</kw>
<msg timestamp="20230113 13:47:18.081" level="INFO">${body} = {'id': '8d994aba-cdf2-45c9-9780-5af1de6dd935', 'items': [], 'title': 'dir'}</msg>
<status status="PASS" starttime="20230113 13:47:18.080" endtime="20230113 13:47:18.081"/>
</kw>
<kw name="Should Not Be Empty" library="BuiltIn">
<arg>${body}</arg>
<doc>Verifies that the given item is not empty.</doc>
<msg timestamp="20230113 13:47:18.082" level="INFO">Length is 3</msg>
<status status="PASS" starttime="20230113 13:47:18.082" endtime="20230113 13:47:18.082"/>
</kw>
<kw name="Should Be Equal" library="BuiltIn">
<arg>${status code}</arg>
<arg>200</arg>
<doc>Fails if the given objects are unequal.</doc>
<status status="PASS" starttime="20230113 13:47:18.082" endtime="20230113 13:47:18.082"/>
</kw>
<kw name="Run CLI" type="TEARDOWN">
<arg>directory</arg>
<arg>delete</arg>
<arg>root</arg>
<kw name="Run Process" library="Process">
<var>${result}</var>
<arg>python3</arg>
<arg>${APP NAME}</arg>
<arg>@{varargs}</arg>
<doc>Runs a process and waits for it to complete.</doc>
<msg timestamp="20230113 13:47:18.083" level="INFO">Starting process:
python3 /home/anya/Desktop/qa-potapchuk-kp01/lab3/ui.py directory delete root</msg>
[...]
<msg timestamp="20230113 13:47:28.170" level="INFO">Waiting for process to complete.</msg>
<msg timestamp="20230113 13:47:28.275" level="INFO">Process completed.</msg>
<msg timestamp="20230113 13:47:28.275" level="INFO">${result} = &lt;result object with rc 0&gt;</msg>
<status status="PASS" starttime="20230113 13:47:28.168" endtime="20230113 13:47:28.275"/>
</kw>
<msg timestamp="20230113 13:47:28.276" level="INFO">${stdout} = 200;{"root_id":"185803aa-bfc3-4c3f-b9d5-8dbb26563586"}
</msg>
<status status="PASS" starttime="20230113 13:47:28.168" endtime="20230113 13:47:28.276"/>
</kw>
<kw name="Parse response body">
<var>${body}</var>
<arg>${stdout}</arg>
<kw name="Split String" library="String">
<var>${split response}</var>
<arg>${stdout}</arg>
<arg>;</arg>
<doc>Splits the ``string`` using ``separator`` as a delimiter string.</doc>
<msg timestamp="20230113 13:47:28.276" level="INFO">${split response} = ['200', '{"root_id":"185803aa-bfc3-4c3f-b9d5-8dbb26563586"}\n']</msg>
<status status="PASS" starttime="20230113 13:47:28.276" endtime="20230113 13:47:28.276"/>
</kw>
<kw name="Evaluate" library="BuiltIn">
<var>${json}</var>
<arg>json.loads('''${split response}[1]''')</arg>
<arg>json</arg>
<doc>Evaluates the given expression in Python and returns the result.</doc>
<msg timestamp="20230113 13:47:28.277" level="INFO">${json} = {'root_id': '185803aa-bfc3-4c3f-b9d5-8dbb26563586'}</msg>
<status status="PASS" starttime="20230113 13:47:28.276" endtime="20230113 13:47:28.277"/>
</kw>
<msg timestamp="20230113 13:47:28.277" level="INFO">${body} = {'root_id': '185803aa-bfc3-4c3f-b9d5-8dbb26563586'}</msg>
<status status="PASS" starttime="20230113 13:47:28.276" endtime="20230113 13:47:28.277"/>
</kw>
<msg timestamp="20230113 13:47:28.277" level="INFO">${root id} = 185803aa-bfc3-4c3f-b9d5-8dbb26563586</msg>
<status status="PASS" starttime="20230113 13:47:28.168" endtime="20230113 13:47:28.277"/>
</kw>
<kw name="Run CLI">
<arg>directory</arg>
<arg>create</arg>
<arg>dir</arg>
<arg>10</arg>
<arg>${root id}</arg>
<kw name="Run Process" library="Process">
<var>${result}</var>
<arg>python3</arg>
<arg>${APP NAME}</arg>
<arg>@{varargs}</arg>
<doc>Runs a process and waits for it to complete.</doc>
<msg timestamp="20230113 13:47:28.278" level="INFO">Starting process:
python3 /home/anya/Desktop/qa-potapchuk-kp01/lab3/ui.py directory create dir 10 185803aa-bfc3-4c3f-b9d5-8dbb26563586</msg>
<msg timestamp="20230113 13:47:28.280" level="INFO">Waiting for process to complete.</msg>
<msg timestamp="20230113 13:47:28.380" level="INFO">Process completed.</msg>
<msg timestamp="20230113 13:47:28.381" level="INFO">${result} = &lt;result object with rc 0&gt;</msg>
<status status="PASS" starttime="20230113 13:47:28.278" endtime="20230113 13:47:28.381"/>
</kw>
<status status="PASS" starttime="20230113 13:47:28.277" endtime="20230113 13:47:28.381"/>
</kw>
<kw name="Run CLI">
<var>${response}</var>
<arg>bufferfile</arg>
<arg>create</arg>
<arg>bin</arg>
<arg>something</arg>
<arg>${root id}</arg>
<kw name="Run Process" library="Process">
<var>${result}</var>
<arg>python3</arg>
<arg>${APP NAME}</arg>
<arg>@{varargs}</arg>
<doc>Runs a process and waits for it to complete.</doc>
<msg timestamp="20230113 13:47:28.382" level="INFO">Starting process:
python3 /home/anya/Desktop/qa-potapchuk-kp01/lab3/ui.py bufferfile create bin something 185803aa-bfc3-4c3f-b9d5-8dbb26563586</msg>
<msg timestamp="20230113 13:47:28.384" level="INFO">Waiting for process to complete.</msg>
<msg timestamp="20230113 13:47:28.486" level="INFO">Process completed.</msg>
<msg timestamp="20230113 13:47:28.486" level="INFO">${result} = &lt;result object with rc 0&gt;</msg>
<status status="PASS" starttime="20230113 13:47:28.382" endtime="20230113 13:47:28.486"/>
</kw>
<msg timestamp="20230113 13:47:28.486" level="INFO">${response} = 200;{"file_id":"ba666b38-d31f-4b7f-8769-4086553c4782"}
</msg>
<status status="PASS" starttime="20230113 13:47:28.382" endtime="20230113 13:47:28.487"/>
</kw>
<kw name="Parse response body">
<var>${response body}</var>
<arg>${response}</arg>
<kw name="Split String" library="String">
<var>${split response}</var>
<arg>${stdout}</arg>
<arg>;</arg>
<doc>Splits the ``string`` using ``separator`` as a delimiter string.</doc>
<msg timestamp="20230113 13:47:28.488" level="INFO">${split response} = ['200', '{"file_id":"ba666b38-d31f-4b7f-8769-4086553c4782"}\n']</msg>
<status status="PASS" starttime="20230113 13:47:28.487" endtime="20230113 13:47:28.488"/>
</kw>
<kw name="Evaluate" library="BuiltIn">
<var>${json}</var>
<arg>json.loads('''${split response}[1]''')</arg>
<arg>json</arg>
<doc>Evaluates the given expression in Python and returns the result.</doc>
<msg timestamp="20230113 13:47:28.488" level="INFO">${json} = {'file_id': 'ba666b38-d31f-4b7f-8769-4086553c4782'}</msg>
<status status="PASS" starttime="20230113 13:47:28.488" endtime="20230113 13:47:28.488"/>
</kw>
<msg timestamp="20230113 13:47:28.488" level="INFO">${response body} = {'file_id': 'ba666b38-d31f-4b7f-8769-4086553c4782'}</msg>
<status status="PASS" starttime="20230113 13:47:28.487" endtime="20230113 13:47:28.488"/>
</kw>
<kw name="Run CLI">
<var>${stdout}</var>
<arg>bufferfile</arg>
<arg>move</arg>
<arg>${response body["file_id"]}</arg>
<arg>${FILE PATH}</arg>
<kw name="Run Process" library="Process">
<var>${result}</var>
<arg>python3</arg>
<arg>${APP NAME}</arg>
<arg>@{varargs}</arg>
<doc>Runs a process and waits for it to complete.</doc>
<msg timestamp="20230113 13:47:28.490" level="INFO">Starting process:
python3 /home/anya/Desktop/qa-potapchuk-kp01/lab3/ui.py bufferfile move ba666b38-d31f-4b7f-8769-4086553c4782 ./dir</msg>
<msg timestamp="20230113 13:47:28.492" level="INFO">Waiting for process to complete.</msg>
<msg timestamp="20230113 13:47:28.595" level="INFO">Process completed.</msg>
<msg timestamp="20230113 13:47:28.595" level="INFO">${result} = &lt;result object with rc 0&gt;</msg>
<status status="PASS" starttime="20230113 13:47:28.489" endtime="20230113 13:47:28.595"/>
</kw>
<msg timestamp="20230113 13:47:28.596" level="INFO">${stdout} = 200;{}
</msg>
<status status="PASS" starttime="20230113 13:47:28.488" endtime="20230113 13:47:28.596"/>
</kw>
<kw name="Log To Console" library="BuiltIn">
<arg>${stdout}</arg>
<doc>Logs the given message to the console.</doc>
<status status="PASS" starttime="20230113 13:47:28.596" endtime="20230113 13:47:28.596"/>
</kw>
<kw name="Parse status code">
<var>${status code}</var>
<arg>${stdout}</arg>
<kw name="Split String" library="String">
<var>${split response}</var>
<arg>${stdout}</arg>
<arg>;</arg>
<doc>Splits the ``string`` using ``separator`` as a delimiter string.</doc>
<msg timestamp="20230113 13:47:28.597" level="INFO">${split response} = ['200', '{}\n']</msg>
<status status="PASS" starttime="20230113 13:47:28.596" endtime="20230113 13:47:28.597"/>
</kw>
<msg timestamp="20230113 13:47:28.597" level="INFO">${status code} = 200</msg>
<status status="PASS" starttime="20230113 13:47:28.596" endtime="20230113 13:47:28.597"/>
</kw>
<kw name="Parse response body">
<var>${body}</var>
<arg>${stdout}</arg>
<kw name="Split String" library="String">
<var>${split response}</var>
<arg>${stdout}</arg>
<arg>;</arg>
<doc>Splits the ``string`` using ``separator`` as a delimiter string.</doc>
<msg timestamp="20230113 13:47:28.597" level="INFO">${split response} = ['200', '{}\n']</msg>
<status status="PASS" starttime="20230113 13:47:28.597" endtime="20230113 13:47:28.597"/>
</kw>
<kw name="Evaluate" library="BuiltIn">
<var>${json}</var>
<arg>json.loads('''${split response}[1]''')</arg>
<arg>json</arg>
<doc>Evaluates the given expression in Python and returns the result.</doc>
<msg timestamp="20230113 13:47:28.598" level="INFO">${json} = {}</msg>
<status status="PASS" starttime="20230113 13:47:28.597" endtime="20230113 13:47:28.598"/>
</kw>
<msg timestamp="20230113 13:47:28.598" level="INFO">${body} = {}</msg>
<status status="PASS" starttime="20230113 13:47:28.597" endtime="20230113 13:47:28.598"/>
</kw>
<kw name="Should Be Empty" library="BuiltIn">
<arg>${body}</arg>
<doc>Verifies that the given item is empty.</doc>
<msg timestamp="20230113 13:47:28.598" level="INFO">Length is 0</msg>
<status status="PASS" starttime="20230113 13:47:28.598" endtime="20230113 13:47:28.598"/>
</kw>
<kw name="Should Be Equal" library="BuiltIn">
<arg>${status code}</arg>
<arg>200</arg>
<doc>Fails if the given objects are unequal.</doc>
<status status="PASS" starttime="20230113 13:47:28.598" endtime="20230113 13:47:28.598"/>
</kw>
<kw name="Run CLI" type="TEARDOWN">
<arg>directory</arg>
<arg>delete</arg>
<arg>root</arg>
<kw name="Run Process" library="Process">
<var>${result}</var>
<arg>python3</arg>
<arg>${APP NAME}</arg>
<arg>@{varargs}</arg>
<doc>Runs a process and waits for it to complete.</doc>
<msg timestamp="20230113 13:47:28.599" level="INFO">Starting process:
python3 /home/anya/Desktop/qa-potapchuk-kp01/lab3/ui.py directory delete root</msg>
<msg timestamp="20230113 13:47:28.601" level="INFO">Waiting for process to complete.</msg>
<msg timestamp="20230113 13:47:28.706" level="INFO">Process completed.</msg>
<msg timestamp="20230113 13:47:28.706" level="INFO">${result} = &lt;result object with rc 0&gt;</msg>
<status status="PASS" starttime="20230113 13:47:28.599" endtime="20230113 13:47:28.706"/>
</kw>
<status status="PASS" starttime="20230113 13:47:28.599" endtime="20230113 13:47:28.707"/>
</kw>
<status status="PASS" starttime="20230113 13:47:28.062" endtime="20230113 13:47:28.707"/>
</test>
<test id="s1-t29" name="Move bufferfile to invalid path" line="314">
<kw name="Run CLI" type="SETUP">
<arg>directory</arg>
<arg>create</arg>
<arg>root</arg>
<arg>2</arg>
<arg>None</arg>
<kw name="Run Process" library="Process">
<var>${result}</var>
<arg>python3</arg>
<arg>${APP NAME}</arg>
<arg>@{varargs}</arg>
<doc>Runs a process and waits for it to complete.</doc>
<msg timestamp="20230113 13:47:28.708" level="INFO">Starting process:
python3 /home/anya/Desktop/qa-potapchuk-kp01/lab3/ui.py directory create root 2 None</msg>
<msg timestamp="20230113 13:47:28.710" level="INFO">Waiting for process to complete.</msg>
<msg timestamp="20230113 13:47:28.812" level="INFO">Process completed.</msg>
<msg timestamp="20230113 13:47:28.812" level="INFO">${result} = &lt;result object with rc 0&gt;</msg>
<status status="PASS" starttime="20230113 13:47:28.708" endtime="20230113 13:47:28.812"/>
</kw>
<status status="PASS" starttime="20230113 13:47:28.708" endtime="20230113 13:47:28.813"/>
</kw>
<kw name="Get root id">
<var>${root id}</var>
<kw name="Run CLI">
<var>${stdout}</var>
<arg>directory</arg>
<arg>get_root</arg>
<kw name="Run Process" library="Process">
<var>${result}</var>
<arg>python3</arg>
<arg>${APP NAME}</arg>
<arg>@{varargs}</arg>
<doc>Runs a process and waits for it to complete.</doc>
<msg timestamp="20230113 13:47:28.814" level="INFO">Starting process:
python3 /home/anya/Desktop/qa-potapchuk-kp01/lab3/ui.py directory get_root</msg>
<msg timestamp="20230113 13:47:28.816" level="INFO">Waiting for process to complete.</msg>
<msg timestamp="20230113 13:47:28.919" level="INFO">Process completed.</msg>
<msg timestamp="20230113 13:47:28.919" level="INFO">${result} = &lt;result object with rc 0&gt;</msg>
<status status="PASS" starttime="20230113 13:47:28.814" endtime="20230113 13:47:28.919"/>
</kw>
<msg timestamp="20230113 13:47:28.920" level="INFO">${stdout} = 200;{"root_id":"5ab4de65-7efc-49c2-b55a-c57d549e8bf0"}
</msg>
<status status="PASS" starttime="20230113 13:47:28.813" endtime="20230113 13:47:28.920"/>
</kw>
<kw name="Parse response body">
<var>${body}</var>
<arg>${stdout}</arg>
<kw name="Split String" library="String">
<var>${split response}</var>
<arg>${stdout}</arg>
<arg>;</arg>
<doc>Splits the ``string`` using ``separator`` as a delimiter string.</doc>
<msg timestamp="20230113 13:47:28.921" level="INFO">${split response} = ['200', '{"root_id":"5ab4de65-7efc-49c2-b55a-c57d549e8bf0"}\n']</msg>
<status status="PASS" starttime="20230113 13:47:28.921" endtime="20230113 13:47:28.921"/>
</kw>
<kw name="Evaluate" library="BuiltIn">
<var>${json}</var>
<arg>json.loads('''${split response}[1]''')</arg>
<arg>json</arg>
<doc>Evaluates the given expression in Python and returns the result.</doc>
<msg timestamp="20230113 13:47:28.921" level="INFO">${json} = {'root_id': '5ab4de65-7efc-49c2-b55a-c57d549e8bf0'}</msg>
<status status="PASS" starttime="20230113 13:47:28.921" endtime="20230113 13:47:28.921"/>
</kw>
<msg timestamp="20230113 13:47:28.921" level="INFO">${body} = {'root_id': '5ab4de65-7efc-49c2-b55a-c57d549e8bf0'}</msg>
<status status="PASS" starttime="20230113 13:47:28.920" endtime="20230113 13:47:28.921"/>
</kw>
<msg timestamp="20230113 13:47:28.922" level="INFO">${root id} = 5ab4de65-7efc-49c2-b55a-c57d549e8bf0</msg>
<status status="PASS" starttime="20230113 13:47:28.813" endtime="20230113 13:47:28.922"/>
</kw>
<kw name="Run CLI">
<var>${response}</var>
<arg>bufferfile</arg>
<arg>create</arg>
<arg>bin</arg>
<arg>something</arg>
<arg>${root id}</arg>
<kw name="Run Process" library="Process">
<var>${result}</var>
<arg>python3</arg>
<arg>${APP NAME}</arg>
<arg>@{varargs}</arg>
<doc>Runs a process and waits for it to complete.</doc>
<msg timestamp="20230113 13:47:28.923" level="INFO">Starting process:
python3 /home/anya/Desktop/qa-potapchuk-kp01/lab3/ui.py bufferfile create bin something 5ab4de65-7efc-49c2-b55a-c57d549e8bf0</msg>
<msg timestamp="20230113 13:47:28.924" level="INFO">Waiting for process to complete.</msg>
<msg timestamp="20230113 13:47:29.027" level="INFO">Process completed.</msg>
<msg timestamp="20230113 13:47:29.027" level="INFO">${result} = &lt;result object with rc 0&gt;</msg>
<status status="PASS" starttime="20230113 13:47:28.922" endtime="20230113 13:47:29.027"/>
</kw>
<msg timestamp="20230113 13:47:29.028" level="INFO">${response} = 200;{"file_id":"7768c57e-5505-491a-bfda-01c3b1a2e415"}
</msg>
<status status="PASS" starttime="20230113 13:47:28.922" endtime="20230113 13:47:29.028"/>
</kw>
<kw name="Parse response body">
<var>${response body}</var>
<arg>${response}</arg>
<kw name="Split String" library="String">
<var>${split response}</var>
<arg>${stdout}</arg>
<arg>;</arg>
<doc>Splits the ``string`` using ``separator`` as a delimiter string.</doc>
<msg timestamp="20230113 13:47:29.028" level="INFO">${split response} = ['200', '{"file_id":"7768c57e-5505-491a-bfda-01c3b1a2e415"}\n']</msg>
<status status="PASS" starttime="20230113 13:47:29.028" endtime="20230113 13:47:29.028"/>
</kw>
<kw name="Evaluate" library="BuiltIn">
<var>${json}</var>
<arg>json.loads('''${split response}[1]''')</arg>
<arg>json</arg>
<doc>Evaluates the given expression in Python and returns the result.</doc>
<msg timestamp="20230113 13:47:29.029" level="INFO">${json} = {'file_id': '7768c57e-5505-491a-bfda-01c3b1a2e415'}</msg>
<status status="PASS" starttime="20230113 13:47:29.028" endtime="20230113 13:47:29.029"/>
</kw>
<msg timestamp="20230113 13:47:29.029" level="INFO">${response body} = {'file_id': '7768c57e-5505-491a-bfda-01c3b1a2e415'}</msg>
<status status="PASS" starttime="20230113 13:47:29.028" endtime="20230113 13:47:29.029"/>
</kw>
<kw name="Run CLI">
<var>${stdout}</var>
<arg>bufferfile</arg>
<arg>move</arg>
<arg>${response body["file_id"]}</arg>
<arg>${INVALID FILE PATH}</arg>
<kw name="Run Process" library="Process">
<var>${result}</var>
<arg>python3</arg>
<arg>${APP NAME}</arg>
<arg>@{varargs}</arg>
<doc>Runs a process and waits for it to complete.</doc>
<msg timestamp="20230113 13:47:29.030" level="INFO">Starting process:
python3 /home/anya/Desktop/qa-potapchuk-kp01/lab3/ui.py bufferfile move 7768c57e-5505-491a-bfda-01c3b1a2e415 ./dir22222222222</msg>
<msg timestamp="20230113 13:47:29.032" level="INFO">Waiting for process to complete.</msg>
<msg timestamp="20230113 13:47:29.132" level="INFO">Process completed.</msg>
<msg timestamp="20230113 13:47:29.132" level="INFO">${result} = &lt;result object with rc 0&gt;</msg>
<status status="PASS" starttime="20230113 13:47:29.030" endtime="20230113 13:47:29.132"/>
</kw>
<msg timestamp="20230113 13:47:29.133" level="INFO">${stdout} = 400;{"exception":"wrong path"}
</msg>
<status status="PASS" starttime="20230113 13:47:29.029" endtime="20230113 13:47:29.133"/>
</kw>
<kw name="Log To Console" library="BuiltIn">
<arg>${stdout}</arg>
<doc>Logs the given message to the console.</doc>
<status status="PASS" starttime="20230113 13:47:29.133" endtime="20230113 13:47:29.134"/>
</kw>
<kw name="Parse status code">
<var>${status code}</var>
<arg>${stdout}</arg>
<kw name="Split String" library="String">
<var>${split response}</var>
<arg>${stdout}</arg>
<arg>;</arg>
<doc>Splits the ``string`` using ``separator`` as a delimiter string.</doc>
<msg timestamp="20230113 13:47:29.134" level="INFO">${split response} = ['400', '{"exception":"wrong path"}\n']</msg>
<status status="PASS" starttime="20230113 13:47:29.134" endtime="20230113 13:47:29.134"/>
</kw>
<msg timestamp="20230113 13:47:29.134" level="INFO">${status code} = 400</msg>
<status status="PASS" starttime="20230113 13:47:29.134" endtime="20230113 13:47:29.134"/>
</kw>
<kw name="Parse response body">
<var>${body}</var>
<arg>${stdout}</arg>
<kw name="Split String" library="String">
<var>${split response}</var>
<arg>${stdout}</arg>
<arg>;</arg>
<doc>Splits the ``string`` using ``separator`` as a delimiter string.</doc>
<msg timestamp="20230113 13:47:29.135" level="INFO">${split response} = ['400', '{"exception":"wrong path"}\n']</msg>
<status status="PASS" starttime="20230113 13:47:29.135" endtime="20230113 13:47:29.135"/>
</kw>
<kw name="Evaluate" library="BuiltIn">
<var>${json}</var>
<arg>json.loads('''${split response}[1]''')</arg>
<arg>json</arg>
<doc>Evaluates the given expression in Python and returns the result.</doc>
<msg timestamp="20230113 13:47:29.135" level="INFO">${json} = {'exception': 'wrong path'}</msg>
<status status="PASS" starttime="20230113 13:47:29.135" endtime="20230113 13:47:29.135"/>
</kw>
<msg timestamp="20230113 13:47:29.135" level="INFO">${body} = {'exception': 'wrong path'}</msg>
<status status="PASS" starttime="20230113 13:47:29.134" endtime="20230113 13:47:29.135"/>
</kw>
<kw name="Should Not Be Empty" library="BuiltIn">
<arg>${body}</arg>
<doc>Verifies that the given item is not empty.</doc>
<msg timestamp="20230113 13:47:29.136" level="INFO">Length is 1</msg>
<status status="PASS" starttime="20230113 13:47:29.135" endtime="20230113 13:47:29.136"/>
</kw>
<kw name="Should Be Equal" library="BuiltIn">
<arg>${status code}</arg>
<arg>400</arg>
<doc>Fails if the given objects are unequal.</doc>
<status status="PASS" starttime="20230113 13:47:29.136" endtime="20230113 13:47:29.136"/>
</kw>
<kw name="Run CLI" type="TEARDOWN">
<arg>directory</arg>
<arg>delete</arg>
<arg>root</arg>
<kw name="Run Process" library="Process">
<var>${result}</var>
<arg>python3</arg>
<arg>${APP NAME}</arg>
<arg>@{varargs}</arg>
<doc>Runs a process and waits for it to complete.</doc>
<msg timestamp="20230113 13:47:29.137" level="INFO">Starting process:
python3 /home/anya/Desktop/qa-potapchuk-kp01/lab3/ui.py directory delete root</msg>
<msg timestamp="20230113 13:47:29.138" level="INFO">Waiting for process to complete.</msg>
<msg timestamp="20230113 13:47:29.242" level="INFO">Process completed.</msg>
<msg timestamp="20230113 13:47:29.242" level="INFO">${result} = &lt;result object with rc 0&gt;</msg>
<status status="PASS" starttime="20230113 13:47:29.136" endtime="20230113 13:47:29.242"/>
</kw>
<status status="PASS" starttime="20230113 13:47:29.136" endtime="20230113 13:47:29.243"/>
</kw>
<status status="PASS" starttime="20230113 13:47:28.707" endtime="20230113 13:47:29.243"/>
</test>
<status status="PASS" starttime="20230113 13:47:13.554" endtime="20230113 13:47:29.244"/>
</suite>
<statistics>
<total>
<stat pass="29" fail="0" skip="0">All Tests</stat>
</total>
<tag>
</tag>
<suite>
<stat pass="29" fail="0" skip="0" id="s1" name="Test">Test</stat>
</suite>
</statistics>
<errors>
</errors>
</robot>
